[2025-05-23T18:16:19.683Z] {
  "action": "STK Push Request",
  "timestamp": "2025-05-23T18:16:19.682Z",
  "message": "Request failed with status code 400",
  "stack": "AxiosError: Request failed with status code 400\n    at settle (D:\\Lab 2\\Lindas-Nut-Butter-Store Monday Updates\\Lindas-Nut-Butter-Store-master\\node_modules\\axios\\dist\\node\\axios.cjs:2049:12)\n    at Unzip.handleStreamEnd (D:\\Lab 2\\Lindas-Nut-Butter-Store Monday Updates\\Lindas-Nut-Butter-Store-master\\node_modules\\axios\\dist\\node\\axios.cjs:3166:11)\n    at Unzip.emit (node:events:530:35)\n    at endReadableNT (node:internal/streams/readable:1698:12)\n    at process.processTicksAndRejections (node:internal/process/task_queues:90:21)\n    at Axios.request (D:\\Lab 2\\Lindas-Nut-Butter-Store Monday Updates\\Lindas-Nut-Butter-Store-master\\node_modules\\axios\\dist\\node\\axios.cjs:4276:41)\n    at process.processTicksAndRejections (node:internal/process/task_queues:105:5)\n    at async Object.initiateSTK (D:\\Lab 2\\Lindas-Nut-Butter-Store Monday Updates\\Lindas-Nut-Butter-Store-master\\server\\utils\\darajaApi.js:293:22)\n    at async exports.initiateSTKPush (D:\\Lab 2\\Lindas-Nut-Butter-Store Monday Updates\\Lindas-Nut-Butter-Store-master\\server\\controllers\\mpesaController.js:85:22)",
  "responseData": {
    "requestId": "74cc-45b4-9c87-cf63848fd8651099826",
    "errorCode": "400.002.02",
    "errorMessage": "Bad Request - Invalid CallBackURL"
  },
  "requestData": {
    "phoneNumber": "254727068107",
    "amount": 35600,
    "accountReference": "LINDA-NUT-177982",
    "transactionDesc": "Payment for Order #LINDA-NUT-177982 at Linda's Nut Butter Store",
    "callbackUrl": "http://localhost:5000/api/mpesa/callback",
    "paymentType": "paybill",
    "businessShortCode": "174379",
    "paybill": "174379",
    "till": "321798",
    "accountNumber": "0725317864",
    "retryAttempt": 0
  }
}

[2025-05-23T18:16:21.613Z] {
  "action": "STK Push Request",
  "timestamp": "2025-05-23T18:16:21.612Z",
  "message": "Request failed with status code 400",
  "stack": "AxiosError: Request failed with status code 400\n    at settle (D:\\Lab 2\\Lindas-Nut-Butter-Store Monday Updates\\Lindas-Nut-Butter-Store-master\\node_modules\\axios\\dist\\node\\axios.cjs:2049:12)\n    at Unzip.handleStreamEnd (D:\\Lab 2\\Lindas-Nut-Butter-Store Monday Updates\\Lindas-Nut-Butter-Store-master\\node_modules\\axios\\dist\\node\\axios.cjs:3166:11)\n    at Unzip.emit (node:events:530:35)\n    at endReadableNT (node:internal/streams/readable:1698:12)\n    at process.processTicksAndRejections (node:internal/process/task_queues:90:21)\n    at Axios.request (D:\\Lab 2\\Lindas-Nut-Butter-Store Monday Updates\\Lindas-Nut-Butter-Store-master\\node_modules\\axios\\dist\\node\\axios.cjs:4276:41)\n    at process.processTicksAndRejections (node:internal/process/task_queues:105:5)\n    at async Object.initiateSTK (D:\\Lab 2\\Lindas-Nut-Butter-Store Monday Updates\\Lindas-Nut-Butter-Store-master\\server\\utils\\darajaApi.js:293:22)\n    at async exports.initiateSTKPush (D:\\Lab 2\\Lindas-Nut-Butter-Store Monday Updates\\Lindas-Nut-Butter-Store-master\\server\\controllers\\mpesaController.js:85:22)",
  "responseData": {
    "requestId": "17f6-47b3-b4fd-ae0574a0242c307199",
    "errorCode": "400.002.02",
    "errorMessage": "Bad Request - Invalid CallBackURL"
  },
  "requestData": {
    "phoneNumber": "254727068107",
    "amount": 35600,
    "accountReference": "LINDA-NUT-177982",
    "transactionDesc": "Payment for Order #LINDA-NUT-177982 at Linda's Nut Butter Store",
    "callbackUrl": "http://localhost:5000/api/mpesa/callback",
    "paymentType": "paybill",
    "businessShortCode": "174379",
    "paybill": "174379",
    "till": "321798",
    "accountNumber": "0725317864",
    "retryAttempt": 0
  }
}

[2025-05-23T18:16:23.484Z] {
  "action": "STK Push Request",
  "timestamp": "2025-05-23T18:16:23.483Z",
  "message": "Request failed with status code 500",
  "stack": "AxiosError: Request failed with status code 500\n    at settle (D:\\Lab 2\\Lindas-Nut-Butter-Store Monday Updates\\Lindas-Nut-Butter-Store-master\\node_modules\\axios\\dist\\node\\axios.cjs:2049:12)\n    at Unzip.handleStreamEnd (D:\\Lab 2\\Lindas-Nut-Butter-Store Monday Updates\\Lindas-Nut-Butter-Store-master\\node_modules\\axios\\dist\\node\\axios.cjs:3166:11)\n    at Unzip.emit (node:events:530:35)\n    at endReadableNT (node:internal/streams/readable:1698:12)\n    at process.processTicksAndRejections (node:internal/process/task_queues:90:21)\n    at Axios.request (D:\\Lab 2\\Lindas-Nut-Butter-Store Monday Updates\\Lindas-Nut-Butter-Store-master\\node_modules\\axios\\dist\\node\\axios.cjs:4276:41)\n    at process.processTicksAndRejections (node:internal/process/task_queues:105:5)\n    at async Object.initiateSTK (D:\\Lab 2\\Lindas-Nut-Butter-Store Monday Updates\\Lindas-Nut-Butter-Store-master\\server\\utils\\darajaApi.js:293:22)\n    at async exports.initiateSTKPush (D:\\Lab 2\\Lindas-Nut-Butter-Store Monday Updates\\Lindas-Nut-Butter-Store-master\\server\\controllers\\mpesaController.js:85:22)",
  "responseData": {
    "requestId": "17f6-47b3-b4fd-ae0574a0242c307200",
    "errorCode": "500.003.02",
    "errorMessage": "System is busy. Please try again in few minutes."
  },
  "requestData": {
    "phoneNumber": "254727068107",
    "amount": 35600,
    "accountReference": "LINDA-NUT-177982",
    "transactionDesc": "Payment for Order #LINDA-NUT-177982 at Linda's Nut Butter Store",
    "callbackUrl": "http://localhost:5000/api/mpesa/callback",
    "paymentType": "paybill",
    "businessShortCode": "174379",
    "paybill": "174379",
    "till": "321798",
    "accountNumber": "0725317864",
    "retryAttempt": 0
  }
}

[2025-05-23T18:16:25.039Z] {
  "action": "STK Push Request",
  "timestamp": "2025-05-23T18:16:25.039Z",
  "message": "Request failed with status code 400",
  "stack": "AxiosError: Request failed with status code 400\n    at settle (D:\\Lab 2\\Lindas-Nut-Butter-Store Monday Updates\\Lindas-Nut-Butter-Store-master\\node_modules\\axios\\dist\\node\\axios.cjs:2049:12)\n    at Unzip.handleStreamEnd (D:\\Lab 2\\Lindas-Nut-Butter-Store Monday Updates\\Lindas-Nut-Butter-Store-master\\node_modules\\axios\\dist\\node\\axios.cjs:3166:11)\n    at Unzip.emit (node:events:530:35)\n    at endReadableNT (node:internal/streams/readable:1698:12)\n    at process.processTicksAndRejections (node:internal/process/task_queues:90:21)\n    at Axios.request (D:\\Lab 2\\Lindas-Nut-Butter-Store Monday Updates\\Lindas-Nut-Butter-Store-master\\node_modules\\axios\\dist\\node\\axios.cjs:4276:41)\n    at process.processTicksAndRejections (node:internal/process/task_queues:105:5)\n    at async initiateSTK (D:\\Lab 2\\Lindas-Nut-Butter-Store Monday Updates\\Lindas-Nut-Butter-Store-master\\server\\utils\\darajaApi.js:293:22)\n    at async exports.initiateSTKPush (D:\\Lab 2\\Lindas-Nut-Butter-Store Monday Updates\\Lindas-Nut-Butter-Store-master\\server\\controllers\\mpesaController.js:85:22)",
  "responseData": {
    "requestId": "b3f4-4853-beb7-b6b6628fe790432805",
    "errorCode": "400.002.02",
    "errorMessage": "Bad Request - Invalid CallBackURL"
  },
  "requestData": {
    "phoneNumber": "254727068107",
    "amount": 35600,
    "accountReference": "LINDA-NUT-177982",
    "transactionDesc": "Payment for Order #LINDA-NUT-177982 at Linda's Nut Butter Store",
    "callbackUrl": "http://localhost:5000/api/mpesa/callback",
    "paymentType": "paybill",
    "businessShortCode": "174379",
    "paybill": "174379",
    "till": "321798",
    "accountNumber": "0725317864",
    "retryAttempt": 1
  }
}

[2025-05-24T12:25:40.648Z] {
  "action": "STK Push Request",
  "timestamp": "2025-05-24T12:25:40.648Z",
  "message": "Request failed with status code 400",
  "stack": "AxiosError: Request failed with status code 400\n    at settle (D:\\Lab 2\\Lindas-Nut-Butter-Store Monday Updates\\Lindas-Nut-Butter-Store-master\\node_modules\\axios\\dist\\node\\axios.cjs:2049:12)\n    at Unzip.handleStreamEnd (D:\\Lab 2\\Lindas-Nut-Butter-Store Monday Updates\\Lindas-Nut-Butter-Store-master\\node_modules\\axios\\dist\\node\\axios.cjs:3166:11)\n    at Unzip.emit (node:events:530:35)\n    at endReadableNT (node:internal/streams/readable:1698:12)\n    at process.processTicksAndRejections (node:internal/process/task_queues:90:21)\n    at Axios.request (D:\\Lab 2\\Lindas-Nut-Butter-Store Monday Updates\\Lindas-Nut-Butter-Store-master\\node_modules\\axios\\dist\\node\\axios.cjs:4276:41)\n    at process.processTicksAndRejections (node:internal/process/task_queues:105:5)\n    at async Object.initiateSTK (D:\\Lab 2\\Lindas-Nut-Butter-Store Monday Updates\\Lindas-Nut-Butter-Store-master\\server\\utils\\darajaApi.js:293:22)\n    at async exports.initiateSTKPush (D:\\Lab 2\\Lindas-Nut-Butter-Store Monday Updates\\Lindas-Nut-Butter-Store-master\\server\\controllers\\mpesaController.js:85:22)",
  "responseData": {
    "requestId": "74cc-45b4-9c87-cf63848fd8651129806",
    "errorCode": "400.002.02",
    "errorMessage": "Bad Request - Invalid CallBackURL"
  },
  "requestData": {
    "phoneNumber": "254727068107",
    "amount": 800,
    "accountReference": "LINDA-NUT-539723",
    "transactionDesc": "Payment for Order #LINDA-NUT-539723 at Linda's Nut Butter Store",
    "callbackUrl": "http://localhost:5000/api/mpesa/callback",
    "paymentType": "paybill",
    "businessShortCode": "174379",
    "paybill": "174379",
    "till": "321798",
    "accountNumber": "0725317864",
    "retryAttempt": 0
  }
}

[2025-05-24T12:25:42.235Z] {
  "action": "STK Push Request",
  "timestamp": "2025-05-24T12:25:42.235Z",
  "message": "Request failed with status code 400",
  "stack": "AxiosError: Request failed with status code 400\n    at settle (D:\\Lab 2\\Lindas-Nut-Butter-Store Monday Updates\\Lindas-Nut-Butter-Store-master\\node_modules\\axios\\dist\\node\\axios.cjs:2049:12)\n    at Unzip.handleStreamEnd (D:\\Lab 2\\Lindas-Nut-Butter-Store Monday Updates\\Lindas-Nut-Butter-Store-master\\node_modules\\axios\\dist\\node\\axios.cjs:3166:11)\n    at Unzip.emit (node:events:530:35)\n    at endReadableNT (node:internal/streams/readable:1698:12)\n    at process.processTicksAndRejections (node:internal/process/task_queues:90:21)\n    at Axios.request (D:\\Lab 2\\Lindas-Nut-Butter-Store Monday Updates\\Lindas-Nut-Butter-Store-master\\node_modules\\axios\\dist\\node\\axios.cjs:4276:41)\n    at process.processTicksAndRejections (node:internal/process/task_queues:105:5)\n    at async Object.initiateSTK (D:\\Lab 2\\Lindas-Nut-Butter-Store Monday Updates\\Lindas-Nut-Butter-Store-master\\server\\utils\\darajaApi.js:293:22)\n    at async exports.initiateSTKPush (D:\\Lab 2\\Lindas-Nut-Butter-Store Monday Updates\\Lindas-Nut-Butter-Store-master\\server\\controllers\\mpesaController.js:85:22)",
  "responseData": {
    "requestId": "b3f4-4853-beb7-b6b6628fe790463188",
    "errorCode": "400.002.02",
    "errorMessage": "Bad Request - Invalid CallBackURL"
  },
  "requestData": {
    "phoneNumber": "254727068107",
    "amount": 800,
    "accountReference": "LINDA-NUT-539723",
    "transactionDesc": "Payment for Order #LINDA-NUT-539723 at Linda's Nut Butter Store",
    "callbackUrl": "http://localhost:5000/api/mpesa/callback",
    "paymentType": "paybill",
    "businessShortCode": "174379",
    "paybill": "174379",
    "till": "321798",
    "accountNumber": "0725317864",
    "retryAttempt": 0
  }
}

[2025-05-24T12:25:43.696Z] {
  "action": "STK Push Request",
  "timestamp": "2025-05-24T12:25:43.695Z",
  "message": "Request failed with status code 400",
  "stack": "AxiosError: Request failed with status code 400\n    at settle (D:\\Lab 2\\Lindas-Nut-Butter-Store Monday Updates\\Lindas-Nut-Butter-Store-master\\node_modules\\axios\\dist\\node\\axios.cjs:2049:12)\n    at Unzip.handleStreamEnd (D:\\Lab 2\\Lindas-Nut-Butter-Store Monday Updates\\Lindas-Nut-Butter-Store-master\\node_modules\\axios\\dist\\node\\axios.cjs:3166:11)\n    at Unzip.emit (node:events:530:35)\n    at endReadableNT (node:internal/streams/readable:1698:12)\n    at process.processTicksAndRejections (node:internal/process/task_queues:90:21)\n    at Axios.request (D:\\Lab 2\\Lindas-Nut-Butter-Store Monday Updates\\Lindas-Nut-Butter-Store-master\\node_modules\\axios\\dist\\node\\axios.cjs:4276:41)\n    at process.processTicksAndRejections (node:internal/process/task_queues:105:5)\n    at async Object.initiateSTK (D:\\Lab 2\\Lindas-Nut-Butter-Store Monday Updates\\Lindas-Nut-Butter-Store-master\\server\\utils\\darajaApi.js:293:22)\n    at async exports.initiateSTKPush (D:\\Lab 2\\Lindas-Nut-Butter-Store Monday Updates\\Lindas-Nut-Butter-Store-master\\server\\controllers\\mpesaController.js:85:22)",
  "responseData": {
    "requestId": "17f6-47b3-b4fd-ae0574a0242c337485",
    "errorCode": "400.002.02",
    "errorMessage": "Bad Request - Invalid CallBackURL"
  },
  "requestData": {
    "phoneNumber": "254727068107",
    "amount": 800,
    "accountReference": "LINDA-NUT-539723",
    "transactionDesc": "Payment for Order #LINDA-NUT-539723 at Linda's Nut Butter Store",
    "callbackUrl": "http://localhost:5000/api/mpesa/callback",
    "paymentType": "paybill",
    "businessShortCode": "174379",
    "paybill": "174379",
    "till": "321798",
    "accountNumber": "0725317864",
    "retryAttempt": 0
  }
}

[2025-05-24T12:26:51.070Z] {
  "action": "STK Push Request",
  "timestamp": "2025-05-24T12:26:51.069Z",
  "message": "Request failed with status code 400",
  "stack": "AxiosError: Request failed with status code 400\n    at settle (D:\\Lab 2\\Lindas-Nut-Butter-Store Monday Updates\\Lindas-Nut-Butter-Store-master\\node_modules\\axios\\dist\\node\\axios.cjs:2049:12)\n    at Unzip.handleStreamEnd (D:\\Lab 2\\Lindas-Nut-Butter-Store Monday Updates\\Lindas-Nut-Butter-Store-master\\node_modules\\axios\\dist\\node\\axios.cjs:3166:11)\n    at Unzip.emit (node:events:530:35)\n    at endReadableNT (node:internal/streams/readable:1698:12)\n    at process.processTicksAndRejections (node:internal/process/task_queues:90:21)\n    at Axios.request (D:\\Lab 2\\Lindas-Nut-Butter-Store Monday Updates\\Lindas-Nut-Butter-Store-master\\node_modules\\axios\\dist\\node\\axios.cjs:4276:41)\n    at process.processTicksAndRejections (node:internal/process/task_queues:105:5)\n    at async Object.initiateSTK (D:\\Lab 2\\Lindas-Nut-Butter-Store Monday Updates\\Lindas-Nut-Butter-Store-master\\server\\utils\\darajaApi.js:293:22)\n    at async exports.initiateSTKPush (D:\\Lab 2\\Lindas-Nut-Butter-Store Monday Updates\\Lindas-Nut-Butter-Store-master\\server\\controllers\\mpesaController.js:85:22)",
  "responseData": {
    "requestId": "17f6-47b3-b4fd-ae0574a0242c337503",
    "errorCode": "400.002.02",
    "errorMessage": "Bad Request - Invalid CallBackURL"
  },
  "requestData": {
    "phoneNumber": "254727068107",
    "amount": 800,
    "accountReference": "LINDA-NUT-610505",
    "transactionDesc": "Payment for Order #LINDA-NUT-610505 at Linda's Nut Butter Store",
    "callbackUrl": "http://localhost:5000/api/mpesa/callback",
    "paymentType": "paybill",
    "businessShortCode": "174379",
    "paybill": "174379",
    "till": "321798",
    "accountNumber": "0725317864",
    "retryAttempt": 0
  }
}

[2025-05-24T12:26:52.475Z] {
  "action": "STK Push Request",
  "timestamp": "2025-05-24T12:26:52.475Z",
  "message": "Request failed with status code 500",
  "stack": "AxiosError: Request failed with status code 500\n    at settle (D:\\Lab 2\\Lindas-Nut-Butter-Store Monday Updates\\Lindas-Nut-Butter-Store-master\\node_modules\\axios\\dist\\node\\axios.cjs:2049:12)\n    at Unzip.handleStreamEnd (D:\\Lab 2\\Lindas-Nut-Butter-Store Monday Updates\\Lindas-Nut-Butter-Store-master\\node_modules\\axios\\dist\\node\\axios.cjs:3166:11)\n    at Unzip.emit (node:events:530:35)\n    at endReadableNT (node:internal/streams/readable:1698:12)\n    at process.processTicksAndRejections (node:internal/process/task_queues:90:21)\n    at Axios.request (D:\\Lab 2\\Lindas-Nut-Butter-Store Monday Updates\\Lindas-Nut-Butter-Store-master\\node_modules\\axios\\dist\\node\\axios.cjs:4276:41)\n    at process.processTicksAndRejections (node:internal/process/task_queues:105:5)\n    at async Object.initiateSTK (D:\\Lab 2\\Lindas-Nut-Butter-Store Monday Updates\\Lindas-Nut-Butter-Store-master\\server\\utils\\darajaApi.js:293:22)\n    at async exports.initiateSTKPush (D:\\Lab 2\\Lindas-Nut-Butter-Store Monday Updates\\Lindas-Nut-Butter-Store-master\\server\\controllers\\mpesaController.js:85:22)",
  "responseData": {
    "requestId": "17f6-47b3-b4fd-ae0574a0242c337504",
    "errorCode": "500.003.02",
    "errorMessage": "System is busy. Please try again in few minutes."
  },
  "requestData": {
    "phoneNumber": "254727068107",
    "amount": 800,
    "accountReference": "LINDA-NUT-610505",
    "transactionDesc": "Payment for Order #LINDA-NUT-610505 at Linda's Nut Butter Store",
    "callbackUrl": "http://localhost:5000/api/mpesa/callback",
    "paymentType": "paybill",
    "businessShortCode": "174379",
    "paybill": "174379",
    "till": "321798",
    "accountNumber": "0725317864",
    "retryAttempt": 0
  }
}

[2025-05-24T12:26:53.904Z] {
  "action": "STK Push Request",
  "timestamp": "2025-05-24T12:26:53.903Z",
  "message": "Request failed with status code 400",
  "stack": "AxiosError: Request failed with status code 400\n    at settle (D:\\Lab 2\\Lindas-Nut-Butter-Store Monday Updates\\Lindas-Nut-Butter-Store-master\\node_modules\\axios\\dist\\node\\axios.cjs:2049:12)\n    at Unzip.handleStreamEnd (D:\\Lab 2\\Lindas-Nut-Butter-Store Monday Updates\\Lindas-Nut-Butter-Store-master\\node_modules\\axios\\dist\\node\\axios.cjs:3166:11)\n    at Unzip.emit (node:events:530:35)\n    at endReadableNT (node:internal/streams/readable:1698:12)\n    at process.processTicksAndRejections (node:internal/process/task_queues:90:21)\n    at Axios.request (D:\\Lab 2\\Lindas-Nut-Butter-Store Monday Updates\\Lindas-Nut-Butter-Store-master\\node_modules\\axios\\dist\\node\\axios.cjs:4276:41)\n    at process.processTicksAndRejections (node:internal/process/task_queues:105:5)\n    at async initiateSTK (D:\\Lab 2\\Lindas-Nut-Butter-Store Monday Updates\\Lindas-Nut-Butter-Store-master\\server\\utils\\darajaApi.js:293:22)\n    at async exports.initiateSTKPush (D:\\Lab 2\\Lindas-Nut-Butter-Store Monday Updates\\Lindas-Nut-Butter-Store-master\\server\\controllers\\mpesaController.js:85:22)",
  "responseData": {
    "requestId": "74cc-45b4-9c87-cf63848fd8651129819",
    "errorCode": "400.002.02",
    "errorMessage": "Bad Request - Invalid CallBackURL"
  },
  "requestData": {
    "phoneNumber": "254727068107",
    "amount": 800,
    "accountReference": "LINDA-NUT-610505",
    "transactionDesc": "Payment for Order #LINDA-NUT-610505 at Linda's Nut Butter Store",
    "callbackUrl": "http://localhost:5000/api/mpesa/callback",
    "paymentType": "paybill",
    "businessShortCode": "174379",
    "paybill": "174379",
    "till": "321798",
    "accountNumber": "0725317864",
    "retryAttempt": 1
  }
}

[2025-05-24T12:26:55.307Z] {
  "action": "STK Push Request",
  "timestamp": "2025-05-24T12:26:55.307Z",
  "message": "Request failed with status code 500",
  "stack": "AxiosError: Request failed with status code 500\n    at settle (D:\\Lab 2\\Lindas-Nut-Butter-Store Monday Updates\\Lindas-Nut-Butter-Store-master\\node_modules\\axios\\dist\\node\\axios.cjs:2049:12)\n    at Unzip.handleStreamEnd (D:\\Lab 2\\Lindas-Nut-Butter-Store Monday Updates\\Lindas-Nut-Butter-Store-master\\node_modules\\axios\\dist\\node\\axios.cjs:3166:11)\n    at Unzip.emit (node:events:530:35)\n    at endReadableNT (node:internal/streams/readable:1698:12)\n    at process.processTicksAndRejections (node:internal/process/task_queues:90:21)\n    at Axios.request (D:\\Lab 2\\Lindas-Nut-Butter-Store Monday Updates\\Lindas-Nut-Butter-Store-master\\node_modules\\axios\\dist\\node\\axios.cjs:4276:41)\n    at process.processTicksAndRejections (node:internal/process/task_queues:105:5)\n    at async Object.initiateSTK (D:\\Lab 2\\Lindas-Nut-Butter-Store Monday Updates\\Lindas-Nut-Butter-Store-master\\server\\utils\\darajaApi.js:293:22)\n    at async exports.initiateSTKPush (D:\\Lab 2\\Lindas-Nut-Butter-Store Monday Updates\\Lindas-Nut-Butter-Store-master\\server\\controllers\\mpesaController.js:85:22)",
  "responseData": {
    "requestId": "74cc-45b4-9c87-cf63848fd8651129820",
    "errorCode": "500.003.02",
    "errorMessage": "System is busy. Please try again in few minutes."
  },
  "requestData": {
    "phoneNumber": "254727068107",
    "amount": 800,
    "accountReference": "LINDA-NUT-610505",
    "transactionDesc": "Payment for Order #LINDA-NUT-610505 at Linda's Nut Butter Store",
    "callbackUrl": "http://localhost:5000/api/mpesa/callback",
    "paymentType": "paybill",
    "businessShortCode": "174379",
    "paybill": "174379",
    "till": "321798",
    "accountNumber": "0725317864",
    "retryAttempt": 0
  }
}

[2025-05-24T12:26:56.713Z] {
  "action": "STK Push Request",
  "timestamp": "2025-05-24T12:26:56.713Z",
  "message": "Request failed with status code 400",
  "stack": "AxiosError: Request failed with status code 400\n    at settle (D:\\Lab 2\\Lindas-Nut-Butter-Store Monday Updates\\Lindas-Nut-Butter-Store-master\\node_modules\\axios\\dist\\node\\axios.cjs:2049:12)\n    at Unzip.handleStreamEnd (D:\\Lab 2\\Lindas-Nut-Butter-Store Monday Updates\\Lindas-Nut-Butter-Store-master\\node_modules\\axios\\dist\\node\\axios.cjs:3166:11)\n    at Unzip.emit (node:events:530:35)\n    at endReadableNT (node:internal/streams/readable:1698:12)\n    at process.processTicksAndRejections (node:internal/process/task_queues:90:21)\n    at Axios.request (D:\\Lab 2\\Lindas-Nut-Butter-Store Monday Updates\\Lindas-Nut-Butter-Store-master\\node_modules\\axios\\dist\\node\\axios.cjs:4276:41)\n    at process.processTicksAndRejections (node:internal/process/task_queues:105:5)\n    at async initiateSTK (D:\\Lab 2\\Lindas-Nut-Butter-Store Monday Updates\\Lindas-Nut-Butter-Store-master\\server\\utils\\darajaApi.js:293:22)\n    at async exports.initiateSTKPush (D:\\Lab 2\\Lindas-Nut-Butter-Store Monday Updates\\Lindas-Nut-Butter-Store-master\\server\\controllers\\mpesaController.js:85:22)",
  "responseData": {
    "requestId": "b3f4-4853-beb7-b6b6628fe790463197",
    "errorCode": "400.002.02",
    "errorMessage": "Bad Request - Invalid CallBackURL"
  },
  "requestData": {
    "phoneNumber": "254727068107",
    "amount": 800,
    "accountReference": "LINDA-NUT-610505",
    "transactionDesc": "Payment for Order #LINDA-NUT-610505 at Linda's Nut Butter Store",
    "callbackUrl": "http://localhost:5000/api/mpesa/callback",
    "paymentType": "paybill",
    "businessShortCode": "174379",
    "paybill": "174379",
    "till": "321798",
    "accountNumber": "0725317864",
    "retryAttempt": 1
  }
}

[2025-05-24T12:27:06.114Z] {
  "action": "STK Push Request",
  "timestamp": "2025-05-24T12:27:06.114Z",
  "message": "Request failed with status code 500",
  "stack": "AxiosError: Request failed with status code 500\n    at settle (D:\\Lab 2\\Lindas-Nut-Butter-Store Monday Updates\\Lindas-Nut-Butter-Store-master\\node_modules\\axios\\dist\\node\\axios.cjs:2049:12)\n    at Unzip.handleStreamEnd (D:\\Lab 2\\Lindas-Nut-Butter-Store Monday Updates\\Lindas-Nut-Butter-Store-master\\node_modules\\axios\\dist\\node\\axios.cjs:3166:11)\n    at Unzip.emit (node:events:530:35)\n    at endReadableNT (node:internal/streams/readable:1698:12)\n    at process.processTicksAndRejections (node:internal/process/task_queues:90:21)\n    at Axios.request (D:\\Lab 2\\Lindas-Nut-Butter-Store Monday Updates\\Lindas-Nut-Butter-Store-master\\node_modules\\axios\\dist\\node\\axios.cjs:4276:41)\n    at process.processTicksAndRejections (node:internal/process/task_queues:105:5)\n    at async Object.initiateSTK (D:\\Lab 2\\Lindas-Nut-Butter-Store Monday Updates\\Lindas-Nut-Butter-Store-master\\server\\utils\\darajaApi.js:293:22)\n    at async exports.initiateSTKPush (D:\\Lab 2\\Lindas-Nut-Butter-Store Monday Updates\\Lindas-Nut-Butter-Store-master\\server\\controllers\\mpesaController.js:85:22)",
  "responseData": {
    "requestId": "b3f4-4853-beb7-b6b6628fe790463205",
    "errorCode": "500.003.02",
    "errorMessage": "System is busy. Please try again in few minutes."
  },
  "requestData": {
    "phoneNumber": "254727068107",
    "amount": 800,
    "accountReference": "LINDA-NUT-625727",
    "transactionDesc": "Payment for Order #LINDA-NUT-625727 at Linda's Nut Butter Store",
    "callbackUrl": "http://localhost:5000/api/mpesa/callback",
    "paymentType": "paybill",
    "businessShortCode": "174379",
    "paybill": "174379",
    "till": "321798",
    "accountNumber": "0725317864",
    "retryAttempt": 0
  }
}

[2025-05-24T12:27:07.511Z] {
  "action": "STK Push Request",
  "timestamp": "2025-05-24T12:27:07.511Z",
  "message": "Request failed with status code 400",
  "stack": "AxiosError: Request failed with status code 400\n    at settle (D:\\Lab 2\\Lindas-Nut-Butter-Store Monday Updates\\Lindas-Nut-Butter-Store-master\\node_modules\\axios\\dist\\node\\axios.cjs:2049:12)\n    at Unzip.handleStreamEnd (D:\\Lab 2\\Lindas-Nut-Butter-Store Monday Updates\\Lindas-Nut-Butter-Store-master\\node_modules\\axios\\dist\\node\\axios.cjs:3166:11)\n    at Unzip.emit (node:events:530:35)\n    at endReadableNT (node:internal/streams/readable:1698:12)\n    at process.processTicksAndRejections (node:internal/process/task_queues:90:21)\n    at Axios.request (D:\\Lab 2\\Lindas-Nut-Butter-Store Monday Updates\\Lindas-Nut-Butter-Store-master\\node_modules\\axios\\dist\\node\\axios.cjs:4276:41)\n    at process.processTicksAndRejections (node:internal/process/task_queues:105:5)\n    at async initiateSTK (D:\\Lab 2\\Lindas-Nut-Butter-Store Monday Updates\\Lindas-Nut-Butter-Store-master\\server\\utils\\darajaApi.js:293:22)\n    at async exports.initiateSTKPush (D:\\Lab 2\\Lindas-Nut-Butter-Store Monday Updates\\Lindas-Nut-Butter-Store-master\\server\\controllers\\mpesaController.js:85:22)",
  "responseData": {
    "requestId": "17f6-47b3-b4fd-ae0574a0242c337523",
    "errorCode": "400.002.02",
    "errorMessage": "Bad Request - Invalid CallBackURL"
  },
  "requestData": {
    "phoneNumber": "254727068107",
    "amount": 800,
    "accountReference": "LINDA-NUT-625727",
    "transactionDesc": "Payment for Order #LINDA-NUT-625727 at Linda's Nut Butter Store",
    "callbackUrl": "http://localhost:5000/api/mpesa/callback",
    "paymentType": "paybill",
    "businessShortCode": "174379",
    "paybill": "174379",
    "till": "321798",
    "accountNumber": "0725317864",
    "retryAttempt": 1
  }
}

[2025-05-24T12:27:08.903Z] {
  "action": "STK Push Request",
  "timestamp": "2025-05-24T12:27:08.902Z",
  "message": "Request failed with status code 500",
  "stack": "AxiosError: Request failed with status code 500\n    at settle (D:\\Lab 2\\Lindas-Nut-Butter-Store Monday Updates\\Lindas-Nut-Butter-Store-master\\node_modules\\axios\\dist\\node\\axios.cjs:2049:12)\n    at Unzip.handleStreamEnd (D:\\Lab 2\\Lindas-Nut-Butter-Store Monday Updates\\Lindas-Nut-Butter-Store-master\\node_modules\\axios\\dist\\node\\axios.cjs:3166:11)\n    at Unzip.emit (node:events:530:35)\n    at endReadableNT (node:internal/streams/readable:1698:12)\n    at process.processTicksAndRejections (node:internal/process/task_queues:90:21)\n    at Axios.request (D:\\Lab 2\\Lindas-Nut-Butter-Store Monday Updates\\Lindas-Nut-Butter-Store-master\\node_modules\\axios\\dist\\node\\axios.cjs:4276:41)\n    at process.processTicksAndRejections (node:internal/process/task_queues:105:5)\n    at async Object.initiateSTK (D:\\Lab 2\\Lindas-Nut-Butter-Store Monday Updates\\Lindas-Nut-Butter-Store-master\\server\\utils\\darajaApi.js:293:22)\n    at async exports.initiateSTKPush (D:\\Lab 2\\Lindas-Nut-Butter-Store Monday Updates\\Lindas-Nut-Butter-Store-master\\server\\controllers\\mpesaController.js:85:22)",
  "responseData": {
    "requestId": "17f6-47b3-b4fd-ae0574a0242c337527",
    "errorCode": "500.003.02",
    "errorMessage": "System is busy. Please try again in few minutes."
  },
  "requestData": {
    "phoneNumber": "254727068107",
    "amount": 800,
    "accountReference": "LINDA-NUT-625727",
    "transactionDesc": "Payment for Order #LINDA-NUT-625727 at Linda's Nut Butter Store",
    "callbackUrl": "http://localhost:5000/api/mpesa/callback",
    "paymentType": "paybill",
    "businessShortCode": "174379",
    "paybill": "174379",
    "till": "321798",
    "accountNumber": "0725317864",
    "retryAttempt": 0
  }
}

[2025-05-24T12:27:10.300Z] {
  "action": "STK Push Request",
  "timestamp": "2025-05-24T12:27:10.300Z",
  "message": "Request failed with status code 500",
  "stack": "AxiosError: Request failed with status code 500\n    at settle (D:\\Lab 2\\Lindas-Nut-Butter-Store Monday Updates\\Lindas-Nut-Butter-Store-master\\node_modules\\axios\\dist\\node\\axios.cjs:2049:12)\n    at Unzip.handleStreamEnd (D:\\Lab 2\\Lindas-Nut-Butter-Store Monday Updates\\Lindas-Nut-Butter-Store-master\\node_modules\\axios\\dist\\node\\axios.cjs:3166:11)\n    at Unzip.emit (node:events:530:35)\n    at endReadableNT (node:internal/streams/readable:1698:12)\n    at process.processTicksAndRejections (node:internal/process/task_queues:90:21)\n    at Axios.request (D:\\Lab 2\\Lindas-Nut-Butter-Store Monday Updates\\Lindas-Nut-Butter-Store-master\\node_modules\\axios\\dist\\node\\axios.cjs:4276:41)\n    at process.processTicksAndRejections (node:internal/process/task_queues:105:5)\n    at async initiateSTK (D:\\Lab 2\\Lindas-Nut-Butter-Store Monday Updates\\Lindas-Nut-Butter-Store-master\\server\\utils\\darajaApi.js:293:22)\n    at async exports.initiateSTKPush (D:\\Lab 2\\Lindas-Nut-Butter-Store Monday Updates\\Lindas-Nut-Butter-Store-master\\server\\controllers\\mpesaController.js:85:22)",
  "responseData": {
    "requestId": "17f6-47b3-b4fd-ae0574a0242c337529",
    "errorCode": "500.003.02",
    "errorMessage": "System is busy. Please try again in few minutes."
  },
  "requestData": {
    "phoneNumber": "254727068107",
    "amount": 800,
    "accountReference": "LINDA-NUT-625727",
    "transactionDesc": "Payment for Order #LINDA-NUT-625727 at Linda's Nut Butter Store",
    "callbackUrl": "http://localhost:5000/api/mpesa/callback",
    "paymentType": "paybill",
    "businessShortCode": "174379",
    "paybill": "174379",
    "till": "321798",
    "accountNumber": "0725317864",
    "retryAttempt": 1
  }
}

[2025-05-24T12:27:12.710Z] {
  "action": "STK Push Request",
  "timestamp": "2025-05-24T12:27:12.709Z",
  "message": "Request failed with status code 400",
  "stack": "AxiosError: Request failed with status code 400\n    at settle (D:\\Lab 2\\Lindas-Nut-Butter-Store Monday Updates\\Lindas-Nut-Butter-Store-master\\node_modules\\axios\\dist\\node\\axios.cjs:2049:12)\n    at Unzip.handleStreamEnd (D:\\Lab 2\\Lindas-Nut-Butter-Store Monday Updates\\Lindas-Nut-Butter-Store-master\\node_modules\\axios\\dist\\node\\axios.cjs:3166:11)\n    at Unzip.emit (node:events:530:35)\n    at endReadableNT (node:internal/streams/readable:1698:12)\n    at process.processTicksAndRejections (node:internal/process/task_queues:90:21)\n    at Axios.request (D:\\Lab 2\\Lindas-Nut-Butter-Store Monday Updates\\Lindas-Nut-Butter-Store-master\\node_modules\\axios\\dist\\node\\axios.cjs:4276:41)\n    at process.processTicksAndRejections (node:internal/process/task_queues:105:5)\n    at async initiateSTK (D:\\Lab 2\\Lindas-Nut-Butter-Store Monday Updates\\Lindas-Nut-Butter-Store-master\\server\\utils\\darajaApi.js:293:22)\n    at async exports.initiateSTKPush (D:\\Lab 2\\Lindas-Nut-Butter-Store Monday Updates\\Lindas-Nut-Butter-Store-master\\server\\controllers\\mpesaController.js:85:22)",
  "responseData": {
    "requestId": "74cc-45b4-9c87-cf63848fd8651129833",
    "errorCode": "400.002.02",
    "errorMessage": "Bad Request - Invalid CallBackURL"
  },
  "requestData": {
    "phoneNumber": "254727068107",
    "amount": 800,
    "accountReference": "LINDA-NUT-625727",
    "transactionDesc": "Payment for Order #LINDA-NUT-625727 at Linda's Nut Butter Store",
    "callbackUrl": "http://localhost:5000/api/mpesa/callback",
    "paymentType": "paybill",
    "businessShortCode": "174379",
    "paybill": "174379",
    "till": "321798",
    "accountNumber": "0725317864",
    "retryAttempt": 2
  }
}

[2025-05-24T12:27:14.137Z] {
  "action": "STK Push Request",
  "timestamp": "2025-05-24T12:27:14.136Z",
  "message": "Request failed with status code 400",
  "stack": "AxiosError: Request failed with status code 400\n    at settle (D:\\Lab 2\\Lindas-Nut-Butter-Store Monday Updates\\Lindas-Nut-Butter-Store-master\\node_modules\\axios\\dist\\node\\axios.cjs:2049:12)\n    at Unzip.handleStreamEnd (D:\\Lab 2\\Lindas-Nut-Butter-Store Monday Updates\\Lindas-Nut-Butter-Store-master\\node_modules\\axios\\dist\\node\\axios.cjs:3166:11)\n    at Unzip.emit (node:events:530:35)\n    at endReadableNT (node:internal/streams/readable:1698:12)\n    at process.processTicksAndRejections (node:internal/process/task_queues:90:21)\n    at Axios.request (D:\\Lab 2\\Lindas-Nut-Butter-Store Monday Updates\\Lindas-Nut-Butter-Store-master\\node_modules\\axios\\dist\\node\\axios.cjs:4276:41)\n    at process.processTicksAndRejections (node:internal/process/task_queues:105:5)\n    at async Object.initiateSTK (D:\\Lab 2\\Lindas-Nut-Butter-Store Monday Updates\\Lindas-Nut-Butter-Store-master\\server\\utils\\darajaApi.js:293:22)\n    at async exports.initiateSTKPush (D:\\Lab 2\\Lindas-Nut-Butter-Store Monday Updates\\Lindas-Nut-Butter-Store-master\\server\\controllers\\mpesaController.js:85:22)",
  "responseData": {
    "requestId": "b3f4-4853-beb7-b6b6628fe790463220",
    "errorCode": "400.002.02",
    "errorMessage": "Bad Request - Invalid CallBackURL"
  },
  "requestData": {
    "phoneNumber": "254727068107",
    "amount": 800,
    "accountReference": "LINDA-NUT-625727",
    "transactionDesc": "Payment for Order #LINDA-NUT-625727 at Linda's Nut Butter Store",
    "callbackUrl": "http://localhost:5000/api/mpesa/callback",
    "paymentType": "paybill",
    "businessShortCode": "174379",
    "paybill": "174379",
    "till": "321798",
    "accountNumber": "0725317864",
    "retryAttempt": 0
  }
}

[2025-05-25T06:00:45.712Z] {
  "action": "Simulated Callback",
  "timestamp": "2025-05-25T06:00:45.712Z",
  "message": "Cannot read properties of undefined (reading 'status')",
  "stack": "TypeError: Cannot read properties of undefined (reading 'status')\n    at exports.stkPushCallback (D:\\Lab 2\\Lindas-Nut-Butter-Store Monday Updates\\Lindas-Nut-Butter-Store-master\\server\\controllers\\mpesaController.js:375:16)\n    at process.processTicksAndRejections (node:internal/process/task_queues:105:5)\n    at async Timeout._onTimeout (D:\\Lab 2\\Lindas-Nut-Butter-Store Monday Updates\\Lindas-Nut-Butter-Store-master\\server\\controllers\\mpesaController.js:146:11)",
  "responseData": null,
  "requestData": null
}

[2025-05-25T06:04:14.349Z] {
  "action": "Simulated Callback",
  "timestamp": "2025-05-25T06:04:14.349Z",
  "message": "Cannot read properties of undefined (reading 'status')",
  "stack": "TypeError: Cannot read properties of undefined (reading 'status')\n    at exports.stkPushCallback (D:\\Lab 2\\Lindas-Nut-Butter-Store Monday Updates\\Lindas-Nut-Butter-Store-master\\server\\controllers\\mpesaController.js:375:16)\n    at process.processTicksAndRejections (node:internal/process/task_queues:105:5)\n    at async Timeout._onTimeout (D:\\Lab 2\\Lindas-Nut-Butter-Store Monday Updates\\Lindas-Nut-Butter-Store-master\\server\\controllers\\mpesaController.js:146:11)",
  "responseData": null,
  "requestData": null
}

[2025-05-25T06:08:47.099Z] {
  "action": "Simulated Callback",
  "timestamp": "2025-05-25T06:08:47.099Z",
  "message": "Cannot read properties of undefined (reading 'status')",
  "stack": "TypeError: Cannot read properties of undefined (reading 'status')\n    at exports.stkPushCallback (D:\\Lab 2\\Lindas-Nut-Butter-Store Monday Updates\\Lindas-Nut-Butter-Store-master\\server\\controllers\\mpesaController.js:375:16)\n    at process.processTicksAndRejections (node:internal/process/task_queues:105:5)\n    at async Timeout._onTimeout (D:\\Lab 2\\Lindas-Nut-Butter-Store Monday Updates\\Lindas-Nut-Butter-Store-master\\server\\controllers\\mpesaController.js:146:11)",
  "responseData": null,
  "requestData": null
}

[2025-05-25T06:42:40.948Z] {
  "action": "Simulated Callback",
  "timestamp": "2025-05-25T06:42:40.948Z",
  "message": "Cannot read properties of undefined (reading 'status')",
  "stack": "TypeError: Cannot read properties of undefined (reading 'status')\n    at exports.stkPushCallback (D:\\Lab 2\\Lindas-Nut-Butter-Store Monday Updates\\Lindas-Nut-Butter-Store-master\\server\\controllers\\mpesaController.js:375:16)\n    at process.processTicksAndRejections (node:internal/process/task_queues:105:5)\n    at async Timeout._onTimeout (D:\\Lab 2\\Lindas-Nut-Butter-Store Monday Updates\\Lindas-Nut-Butter-Store-master\\server\\controllers\\mpesaController.js:146:11)",
  "responseData": null,
  "requestData": null
}

[2025-05-25T06:47:22.537Z] {
  "action": "Simulated Callback",
  "timestamp": "2025-05-25T06:47:22.537Z",
  "message": "Cannot read properties of undefined (reading 'status')",
  "stack": "TypeError: Cannot read properties of undefined (reading 'status')\n    at exports.stkPushCallback (D:\\Lab 2\\Lindas-Nut-Butter-Store Monday Updates\\Lindas-Nut-Butter-Store-master\\server\\controllers\\mpesaController.js:375:16)\n    at process.processTicksAndRejections (node:internal/process/task_queues:105:5)\n    at async Timeout._onTimeout (D:\\Lab 2\\Lindas-Nut-Butter-Store Monday Updates\\Lindas-Nut-Butter-Store-master\\server\\controllers\\mpesaController.js:146:11)",
  "responseData": null,
  "requestData": null
}

[2025-05-25T11:50:52.186Z] {
  "action": "Simulated Callback",
  "timestamp": "2025-05-25T11:50:52.186Z",
  "message": "Cannot read properties of undefined (reading 'status')",
  "stack": "TypeError: Cannot read properties of undefined (reading 'status')\n    at exports.stkPushCallback (D:\\Lab 2\\Lindas-Nut-Butter-Store Monday Updates\\Lindas-Nut-Butter-Store-master\\server\\controllers\\mpesaController.js:375:16)\n    at process.processTicksAndRejections (node:internal/process/task_queues:105:5)\n    at async Timeout._onTimeout (D:\\Lab 2\\Lindas-Nut-Butter-Store Monday Updates\\Lindas-Nut-Butter-Store-master\\server\\controllers\\mpesaController.js:146:11)",
  "responseData": null,
  "requestData": null
}

[2025-05-25T11:51:03.774Z] {
  "action": "STK Push Request",
  "timestamp": "2025-05-25T11:51:03.773Z",
  "message": "Request failed with status code 500",
  "stack": "AxiosError: Request failed with status code 500\n    at settle (D:\\Lab 2\\Lindas-Nut-Butter-Store Monday Updates\\Lindas-Nut-Butter-Store-master\\node_modules\\axios\\dist\\node\\axios.cjs:2049:12)\n    at Unzip.handleStreamEnd (D:\\Lab 2\\Lindas-Nut-Butter-Store Monday Updates\\Lindas-Nut-Butter-Store-master\\node_modules\\axios\\dist\\node\\axios.cjs:3166:11)\n    at Unzip.emit (node:events:530:35)\n    at endReadableNT (node:internal/streams/readable:1698:12)\n    at process.processTicksAndRejections (node:internal/process/task_queues:90:21)\n    at Axios.request (D:\\Lab 2\\Lindas-Nut-Butter-Store Monday Updates\\Lindas-Nut-Butter-Store-master\\node_modules\\axios\\dist\\node\\axios.cjs:4276:41)\n    at process.processTicksAndRejections (node:internal/process/task_queues:105:5)\n    at async Object.initiateSTK (D:\\Lab 2\\Lindas-Nut-Butter-Store Monday Updates\\Lindas-Nut-Butter-Store-master\\server\\utils\\darajaApi.js:293:22)\n    at async exports.initiateSTKPush (D:\\Lab 2\\Lindas-Nut-Butter-Store Monday Updates\\Lindas-Nut-Butter-Store-master\\server\\controllers\\mpesaController.js:96:22)",
  "responseData": {
    "requestId": "17f6-47b3-b4fd-ae0574a0242c370810",
    "errorCode": "500.001.1001",
    "errorMessage": "Unable to lock subscriber, a transaction is already in process for the current subscriber"
  },
  "requestData": {
    "phoneNumber": "254708374149",
    "amount": 8600,
    "accountReference": "LINDA-NUT-863331",
    "transactionDesc": "Payment for Order #LINDA-NUT-863331 at Linda's Nut Butter Store",
    "callbackUrl": "https://2e15-41-90-64-164.ngrok-free.app/api/mpesa/callback",
    "paymentType": "paybill",
    "businessShortCode": "174379",
    "paybill": "174379",
    "till": "321798",
    "accountNumber": "0725317864",
    "retryAttempt": 0
  }
}

[2025-05-25T11:51:05.197Z] {
  "action": "STK Push Request",
  "timestamp": "2025-05-25T11:51:05.197Z",
  "message": "Request failed with status code 500",
  "stack": "AxiosError: Request failed with status code 500\n    at settle (D:\\Lab 2\\Lindas-Nut-Butter-Store Monday Updates\\Lindas-Nut-Butter-Store-master\\node_modules\\axios\\dist\\node\\axios.cjs:2049:12)\n    at Unzip.handleStreamEnd (D:\\Lab 2\\Lindas-Nut-Butter-Store Monday Updates\\Lindas-Nut-Butter-Store-master\\node_modules\\axios\\dist\\node\\axios.cjs:3166:11)\n    at Unzip.emit (node:events:530:35)\n    at endReadableNT (node:internal/streams/readable:1698:12)\n    at process.processTicksAndRejections (node:internal/process/task_queues:90:21)\n    at Axios.request (D:\\Lab 2\\Lindas-Nut-Butter-Store Monday Updates\\Lindas-Nut-Butter-Store-master\\node_modules\\axios\\dist\\node\\axios.cjs:4276:41)\n    at process.processTicksAndRejections (node:internal/process/task_queues:105:5)\n    at async initiateSTK (D:\\Lab 2\\Lindas-Nut-Butter-Store Monday Updates\\Lindas-Nut-Butter-Store-master\\server\\utils\\darajaApi.js:293:22)\n    at async exports.initiateSTKPush (D:\\Lab 2\\Lindas-Nut-Butter-Store Monday Updates\\Lindas-Nut-Butter-Store-master\\server\\controllers\\mpesaController.js:96:22)",
  "responseData": {
    "requestId": "74cc-45b4-9c87-cf63848fd8651163443",
    "errorCode": "500.001.1001",
    "errorMessage": "Unable to lock subscriber, a transaction is already in process for the current subscriber"
  },
  "requestData": {
    "phoneNumber": "254708374149",
    "amount": 8600,
    "accountReference": "LINDA-NUT-863331",
    "transactionDesc": "Payment for Order #LINDA-NUT-863331 at Linda's Nut Butter Store",
    "callbackUrl": "https://2e15-41-90-64-164.ngrok-free.app/api/mpesa/callback",
    "paymentType": "paybill",
    "businessShortCode": "174379",
    "paybill": "174379",
    "till": "321798",
    "accountNumber": "0725317864",
    "retryAttempt": 1
  }
}

[2025-05-25T11:51:07.580Z] {
  "action": "STK Push Request",
  "timestamp": "2025-05-25T11:51:07.580Z",
  "message": "Request failed with status code 500",
  "stack": "AxiosError: Request failed with status code 500\n    at settle (D:\\Lab 2\\Lindas-Nut-Butter-Store Monday Updates\\Lindas-Nut-Butter-Store-master\\node_modules\\axios\\dist\\node\\axios.cjs:2049:12)\n    at Unzip.handleStreamEnd (D:\\Lab 2\\Lindas-Nut-Butter-Store Monday Updates\\Lindas-Nut-Butter-Store-master\\node_modules\\axios\\dist\\node\\axios.cjs:3166:11)\n    at Unzip.emit (node:events:530:35)\n    at endReadableNT (node:internal/streams/readable:1698:12)\n    at process.processTicksAndRejections (node:internal/process/task_queues:90:21)\n    at Axios.request (D:\\Lab 2\\Lindas-Nut-Butter-Store Monday Updates\\Lindas-Nut-Butter-Store-master\\node_modules\\axios\\dist\\node\\axios.cjs:4276:41)\n    at process.processTicksAndRejections (node:internal/process/task_queues:105:5)\n    at async initiateSTK (D:\\Lab 2\\Lindas-Nut-Butter-Store Monday Updates\\Lindas-Nut-Butter-Store-master\\server\\utils\\darajaApi.js:293:22)\n    at async exports.initiateSTKPush (D:\\Lab 2\\Lindas-Nut-Butter-Store Monday Updates\\Lindas-Nut-Butter-Store-master\\server\\controllers\\mpesaController.js:96:22)",
  "responseData": {
    "requestId": "74cc-45b4-9c87-cf63848fd8651163445",
    "errorCode": "500.003.02",
    "errorMessage": "System is busy. Please try again in few minutes."
  },
  "requestData": {
    "phoneNumber": "254708374149",
    "amount": 8600,
    "accountReference": "LINDA-NUT-863331",
    "transactionDesc": "Payment for Order #LINDA-NUT-863331 at Linda's Nut Butter Store",
    "callbackUrl": "https://2e15-41-90-64-164.ngrok-free.app/api/mpesa/callback",
    "paymentType": "paybill",
    "businessShortCode": "174379",
    "paybill": "174379",
    "till": "321798",
    "accountNumber": "0725317864",
    "retryAttempt": 2
  }
}

[2025-05-25T11:51:07.966Z] {
  "action": "STK Push Request",
  "timestamp": "2025-05-25T11:51:07.966Z",
  "message": "Request failed with status code 500",
  "stack": "AxiosError: Request failed with status code 500\n    at settle (D:\\Lab 2\\Lindas-Nut-Butter-Store Monday Updates\\Lindas-Nut-Butter-Store-master\\node_modules\\axios\\dist\\node\\axios.cjs:2049:12)\n    at Unzip.handleStreamEnd (D:\\Lab 2\\Lindas-Nut-Butter-Store Monday Updates\\Lindas-Nut-Butter-Store-master\\node_modules\\axios\\dist\\node\\axios.cjs:3166:11)\n    at Unzip.emit (node:events:530:35)\n    at endReadableNT (node:internal/streams/readable:1698:12)\n    at process.processTicksAndRejections (node:internal/process/task_queues:90:21)\n    at Axios.request (D:\\Lab 2\\Lindas-Nut-Butter-Store Monday Updates\\Lindas-Nut-Butter-Store-master\\node_modules\\axios\\dist\\node\\axios.cjs:4276:41)\n    at process.processTicksAndRejections (node:internal/process/task_queues:105:5)\n    at async Object.initiateSTK (D:\\Lab 2\\Lindas-Nut-Butter-Store Monday Updates\\Lindas-Nut-Butter-Store-master\\server\\utils\\darajaApi.js:293:22)\n    at async exports.initiateSTKPush (D:\\Lab 2\\Lindas-Nut-Butter-Store Monday Updates\\Lindas-Nut-Butter-Store-master\\server\\controllers\\mpesaController.js:96:22)",
  "responseData": {
    "requestId": "17f6-47b3-b4fd-ae0574a0242c370814",
    "errorCode": "500.003.02",
    "errorMessage": "System is busy. Please try again in few minutes."
  },
  "requestData": {
    "phoneNumber": "254708374149",
    "amount": 8600,
    "accountReference": "LINDA-NUT-863331",
    "transactionDesc": "Payment for Order #LINDA-NUT-863331 at Linda's Nut Butter Store",
    "callbackUrl": "https://2e15-41-90-64-164.ngrok-free.app/api/mpesa/callback",
    "paymentType": "paybill",
    "businessShortCode": "174379",
    "paybill": "174379",
    "till": "321798",
    "accountNumber": "0725317864",
    "retryAttempt": 0
  }
}

[2025-05-25T11:51:09.348Z] {
  "action": "STK Push Request",
  "timestamp": "2025-05-25T11:51:09.348Z",
  "message": "Request failed with status code 500",
  "stack": "AxiosError: Request failed with status code 500\n    at settle (D:\\Lab 2\\Lindas-Nut-Butter-Store Monday Updates\\Lindas-Nut-Butter-Store-master\\node_modules\\axios\\dist\\node\\axios.cjs:2049:12)\n    at Unzip.handleStreamEnd (D:\\Lab 2\\Lindas-Nut-Butter-Store Monday Updates\\Lindas-Nut-Butter-Store-master\\node_modules\\axios\\dist\\node\\axios.cjs:3166:11)\n    at Unzip.emit (node:events:530:35)\n    at endReadableNT (node:internal/streams/readable:1698:12)\n    at process.processTicksAndRejections (node:internal/process/task_queues:90:21)\n    at Axios.request (D:\\Lab 2\\Lindas-Nut-Butter-Store Monday Updates\\Lindas-Nut-Butter-Store-master\\node_modules\\axios\\dist\\node\\axios.cjs:4276:41)\n    at process.processTicksAndRejections (node:internal/process/task_queues:105:5)\n    at async initiateSTK (D:\\Lab 2\\Lindas-Nut-Butter-Store Monday Updates\\Lindas-Nut-Butter-Store-master\\server\\utils\\darajaApi.js:293:22)\n    at async exports.initiateSTKPush (D:\\Lab 2\\Lindas-Nut-Butter-Store Monday Updates\\Lindas-Nut-Butter-Store-master\\server\\controllers\\mpesaController.js:96:22)",
  "responseData": {
    "requestId": "74cc-45b4-9c87-cf63848fd8651163446",
    "errorCode": "500.003.02",
    "errorMessage": "System is busy. Please try again in few minutes."
  },
  "requestData": {
    "phoneNumber": "254708374149",
    "amount": 8600,
    "accountReference": "LINDA-NUT-863331",
    "transactionDesc": "Payment for Order #LINDA-NUT-863331 at Linda's Nut Butter Store",
    "callbackUrl": "https://2e15-41-90-64-164.ngrok-free.app/api/mpesa/callback",
    "paymentType": "paybill",
    "businessShortCode": "174379",
    "paybill": "174379",
    "till": "321798",
    "accountNumber": "0725317864",
    "retryAttempt": 1
  }
}

[2025-05-25T11:51:11.823Z] {
  "action": "STK Push Request",
  "timestamp": "2025-05-25T11:51:11.823Z",
  "message": "Request failed with status code 500",
  "stack": "AxiosError: Request failed with status code 500\n    at settle (D:\\Lab 2\\Lindas-Nut-Butter-Store Monday Updates\\Lindas-Nut-Butter-Store-master\\node_modules\\axios\\dist\\node\\axios.cjs:2049:12)\n    at Unzip.handleStreamEnd (D:\\Lab 2\\Lindas-Nut-Butter-Store Monday Updates\\Lindas-Nut-Butter-Store-master\\node_modules\\axios\\dist\\node\\axios.cjs:3166:11)\n    at Unzip.emit (node:events:530:35)\n    at endReadableNT (node:internal/streams/readable:1698:12)\n    at process.processTicksAndRejections (node:internal/process/task_queues:90:21)\n    at Axios.request (D:\\Lab 2\\Lindas-Nut-Butter-Store Monday Updates\\Lindas-Nut-Butter-Store-master\\node_modules\\axios\\dist\\node\\axios.cjs:4276:41)\n    at process.processTicksAndRejections (node:internal/process/task_queues:105:5)\n    at async initiateSTK (D:\\Lab 2\\Lindas-Nut-Butter-Store Monday Updates\\Lindas-Nut-Butter-Store-master\\server\\utils\\darajaApi.js:293:22)\n    at async exports.initiateSTKPush (D:\\Lab 2\\Lindas-Nut-Butter-Store Monday Updates\\Lindas-Nut-Butter-Store-master\\server\\controllers\\mpesaController.js:96:22)",
  "responseData": {
    "requestId": "b3f4-4853-beb7-b6b6628fe790496447",
    "errorCode": "500.001.1001",
    "errorMessage": "Unable to lock subscriber, a transaction is already in process for the current subscriber"
  },
  "requestData": {
    "phoneNumber": "254708374149",
    "amount": 8600,
    "accountReference": "LINDA-NUT-863331",
    "transactionDesc": "Payment for Order #LINDA-NUT-863331 at Linda's Nut Butter Store",
    "callbackUrl": "https://2e15-41-90-64-164.ngrok-free.app/api/mpesa/callback",
    "paymentType": "paybill",
    "businessShortCode": "174379",
    "paybill": "174379",
    "till": "321798",
    "accountNumber": "0725317864",
    "retryAttempt": 2
  }
}

[2025-05-25T11:51:13.749Z] {
  "action": "STK Push Request",
  "timestamp": "2025-05-25T11:51:13.749Z",
  "message": "Request failed with status code 500",
  "stack": "AxiosError: Request failed with status code 500\n    at settle (D:\\Lab 2\\Lindas-Nut-Butter-Store Monday Updates\\Lindas-Nut-Butter-Store-master\\node_modules\\axios\\dist\\node\\axios.cjs:2049:12)\n    at Unzip.handleStreamEnd (D:\\Lab 2\\Lindas-Nut-Butter-Store Monday Updates\\Lindas-Nut-Butter-Store-master\\node_modules\\axios\\dist\\node\\axios.cjs:3166:11)\n    at Unzip.emit (node:events:530:35)\n    at endReadableNT (node:internal/streams/readable:1698:12)\n    at process.processTicksAndRejections (node:internal/process/task_queues:90:21)\n    at Axios.request (D:\\Lab 2\\Lindas-Nut-Butter-Store Monday Updates\\Lindas-Nut-Butter-Store-master\\node_modules\\axios\\dist\\node\\axios.cjs:4276:41)\n    at process.processTicksAndRejections (node:internal/process/task_queues:105:5)\n    at async Object.initiateSTK (D:\\Lab 2\\Lindas-Nut-Butter-Store Monday Updates\\Lindas-Nut-Butter-Store-master\\server\\utils\\darajaApi.js:293:22)\n    at async exports.initiateSTKPush (D:\\Lab 2\\Lindas-Nut-Butter-Store Monday Updates\\Lindas-Nut-Butter-Store-master\\server\\controllers\\mpesaController.js:96:22)",
  "responseData": {
    "requestId": "74cc-45b4-9c87-cf63848fd8651163448",
    "errorCode": "500.003.02",
    "errorMessage": "System is busy. Please try again in few minutes."
  },
  "requestData": {
    "phoneNumber": "254708374149",
    "amount": 8600,
    "accountReference": "LINDA-NUT-863331",
    "transactionDesc": "Payment for Order #LINDA-NUT-863331 at Linda's Nut Butter Store",
    "callbackUrl": "https://2e15-41-90-64-164.ngrok-free.app/api/mpesa/callback",
    "paymentType": "paybill",
    "businessShortCode": "174379",
    "paybill": "174379",
    "till": "321798",
    "accountNumber": "0725317864",
    "retryAttempt": 0
  }
}

[2025-05-25T11:51:15.173Z] {
  "action": "STK Push Request",
  "timestamp": "2025-05-25T11:51:15.173Z",
  "message": "Request failed with status code 500",
  "stack": "AxiosError: Request failed with status code 500\n    at settle (D:\\Lab 2\\Lindas-Nut-Butter-Store Monday Updates\\Lindas-Nut-Butter-Store-master\\node_modules\\axios\\dist\\node\\axios.cjs:2049:12)\n    at Unzip.handleStreamEnd (D:\\Lab 2\\Lindas-Nut-Butter-Store Monday Updates\\Lindas-Nut-Butter-Store-master\\node_modules\\axios\\dist\\node\\axios.cjs:3166:11)\n    at Unzip.emit (node:events:530:35)\n    at endReadableNT (node:internal/streams/readable:1698:12)\n    at process.processTicksAndRejections (node:internal/process/task_queues:90:21)\n    at Axios.request (D:\\Lab 2\\Lindas-Nut-Butter-Store Monday Updates\\Lindas-Nut-Butter-Store-master\\node_modules\\axios\\dist\\node\\axios.cjs:4276:41)\n    at process.processTicksAndRejections (node:internal/process/task_queues:105:5)\n    at async initiateSTK (D:\\Lab 2\\Lindas-Nut-Butter-Store Monday Updates\\Lindas-Nut-Butter-Store-master\\server\\utils\\darajaApi.js:293:22)\n    at async exports.initiateSTKPush (D:\\Lab 2\\Lindas-Nut-Butter-Store Monday Updates\\Lindas-Nut-Butter-Store-master\\server\\controllers\\mpesaController.js:96:22)",
  "responseData": {
    "requestId": "17f6-47b3-b4fd-ae0574a0242c370819",
    "errorCode": "500.001.1001",
    "errorMessage": "Unable to lock subscriber, a transaction is already in process for the current subscriber"
  },
  "requestData": {
    "phoneNumber": "254708374149",
    "amount": 8600,
    "accountReference": "LINDA-NUT-863331",
    "transactionDesc": "Payment for Order #LINDA-NUT-863331 at Linda's Nut Butter Store",
    "callbackUrl": "https://2e15-41-90-64-164.ngrok-free.app/api/mpesa/callback",
    "paymentType": "paybill",
    "businessShortCode": "174379",
    "paybill": "174379",
    "till": "321798",
    "accountNumber": "0725317864",
    "retryAttempt": 1
  }
}

[2025-05-25T11:51:17.607Z] {
  "action": "STK Push Request",
  "timestamp": "2025-05-25T11:51:17.607Z",
  "message": "Request failed with status code 500",
  "stack": "AxiosError: Request failed with status code 500\n    at settle (D:\\Lab 2\\Lindas-Nut-Butter-Store Monday Updates\\Lindas-Nut-Butter-Store-master\\node_modules\\axios\\dist\\node\\axios.cjs:2049:12)\n    at Unzip.handleStreamEnd (D:\\Lab 2\\Lindas-Nut-Butter-Store Monday Updates\\Lindas-Nut-Butter-Store-master\\node_modules\\axios\\dist\\node\\axios.cjs:3166:11)\n    at Unzip.emit (node:events:530:35)\n    at endReadableNT (node:internal/streams/readable:1698:12)\n    at process.processTicksAndRejections (node:internal/process/task_queues:90:21)\n    at Axios.request (D:\\Lab 2\\Lindas-Nut-Butter-Store Monday Updates\\Lindas-Nut-Butter-Store-master\\node_modules\\axios\\dist\\node\\axios.cjs:4276:41)\n    at process.processTicksAndRejections (node:internal/process/task_queues:105:5)\n    at async initiateSTK (D:\\Lab 2\\Lindas-Nut-Butter-Store Monday Updates\\Lindas-Nut-Butter-Store-master\\server\\utils\\darajaApi.js:293:22)\n    at async exports.initiateSTKPush (D:\\Lab 2\\Lindas-Nut-Butter-Store Monday Updates\\Lindas-Nut-Butter-Store-master\\server\\controllers\\mpesaController.js:96:22)",
  "responseData": {
    "requestId": "b3f4-4853-beb7-b6b6628fe790496448",
    "errorCode": "500.003.02",
    "errorMessage": "System is busy. Please try again in few minutes."
  },
  "requestData": {
    "phoneNumber": "254708374149",
    "amount": 8600,
    "accountReference": "LINDA-NUT-863331",
    "transactionDesc": "Payment for Order #LINDA-NUT-863331 at Linda's Nut Butter Store",
    "callbackUrl": "https://2e15-41-90-64-164.ngrok-free.app/api/mpesa/callback",
    "paymentType": "paybill",
    "businessShortCode": "174379",
    "paybill": "174379",
    "till": "321798",
    "accountNumber": "0725317864",
    "retryAttempt": 2
  }
}

[2025-05-25T11:51:25.123Z] {
  "action": "Simulated Callback",
  "timestamp": "2025-05-25T11:51:25.123Z",
  "message": "Cannot read properties of undefined (reading 'status')",
  "stack": "TypeError: Cannot read properties of undefined (reading 'status')\n    at exports.stkPushCallback (D:\\Lab 2\\Lindas-Nut-Butter-Store Monday Updates\\Lindas-Nut-Butter-Store-master\\server\\controllers\\mpesaController.js:375:16)\n    at process.processTicksAndRejections (node:internal/process/task_queues:105:5)\n    at async Timeout._onTimeout (D:\\Lab 2\\Lindas-Nut-Butter-Store Monday Updates\\Lindas-Nut-Butter-Store-master\\server\\controllers\\mpesaController.js:146:11)",
  "responseData": null,
  "requestData": null
}

[2025-05-25T11:51:44.258Z] {
  "action": "Simulated Callback",
  "timestamp": "2025-05-25T11:51:44.258Z",
  "message": "Cannot read properties of undefined (reading 'status')",
  "stack": "TypeError: Cannot read properties of undefined (reading 'status')\n    at exports.stkPushCallback (D:\\Lab 2\\Lindas-Nut-Butter-Store Monday Updates\\Lindas-Nut-Butter-Store-master\\server\\controllers\\mpesaController.js:375:16)\n    at process.processTicksAndRejections (node:internal/process/task_queues:105:5)\n    at async Timeout._onTimeout (D:\\Lab 2\\Lindas-Nut-Butter-Store Monday Updates\\Lindas-Nut-Butter-Store-master\\server\\controllers\\mpesaController.js:146:11)",
  "responseData": null,
  "requestData": null
}

