[2025-05-23T18:15:32.252Z] {
  "action": "OAuth Token Response",
  "timestamp": "2025-05-23T18:15:32.251Z",
  "data": {
    "status": 200,
    "success": true,
    "tokenPreview": "xi2Ut...",
    "expires_in": "3599"
  }
}

[2025-05-23T18:15:32.447Z] {
  "action": "OAuth Token Response",
  "timestamp": "2025-05-23T18:15:32.447Z",
  "data": {
    "status": 200,
    "success": true,
    "tokenPreview": "Nv30H...",
    "expires_in": "3599"
  }
}

[2025-05-23T18:15:32.449Z] {
  "action": "Generated STK Password",
  "timestamp": "2025-05-23T18:15:32.448Z",
  "data": {
    "timestamp": "20250523211532",
    "businessShortCode": "174379",
    "passkey": "********",
    "passwordLength": 112,
    "timestampLength": 14
  }
}

[2025-05-23T18:15:32.449Z] {
  "action": "STK Push Request",
  "timestamp": "2025-05-23T18:15:32.449Z",
  "data": {
    "BusinessShortCode": "174379",
    "Password": "********",
    "Timestamp": "20250523211532",
    "TransactionType": "CustomerPayBillOnline",
    "Amount": 10000000,
    "PartyA": "254727067107",
    "PartyB": "174379",
    "PhoneNumber": "254727067107",
    "CallBackURL": "https://8155-41-90-69-67.ngrok-free.app/api/mpesa/callback",
    "AccountReference": "TEST1748024132253",
    "TransactionDesc": "STK Push Test",
    "paymentType": "paybill",
    "paybillNumber": "174379",
    "tillNumber": "321798",
    "accountNumber": "0725317864",
    "environment": "SANDBOX",
    "retryAttempt": 0
  }
}

[2025-05-23T18:15:33.491Z] {
  "action": "STK Push Response",
  "timestamp": "2025-05-23T18:15:33.491Z",
  "data": {
    "MerchantRequestID": "94fd-4d30-a4ee-73894dcc3fe2210019",
    "CheckoutRequestID": "ws_CO_23052025211734629727067107",
    "ResponseCode": "0",
    "ResponseDescription": "Success. Request accepted for processing",
    "CustomerMessage": "Success. Request accepted for processing",
    "paymentType": "paybill",
    "businessShortCode": "174379",
    "paybillNumber": "174379",
    "tillNumber": "321798",
    "accountNumber": "0725317864",
    "timestamp": "20250523211532"
  }
}

[2025-05-23T18:16:17.990Z] {
  "action": "STK Push Request",
  "timestamp": "2025-05-23T18:16:17.989Z",
  "data": {
    "phoneNumber": "254727068107",
    "amount": 35600,
    "orderId": "LINDA-NUT-177982"
  }
}

[2025-05-23T18:16:19.397Z] {
  "action": "OAuth Token Response",
  "timestamp": "2025-05-23T18:16:19.397Z",
  "data": {
    "status": 200,
    "success": true,
    "tokenPreview": "zgeHL...",
    "expires_in": "3599"
  }
}

[2025-05-23T18:16:19.398Z] {
  "action": "Generated STK Password",
  "timestamp": "2025-05-23T18:16:19.398Z",
  "data": {
    "timestamp": "20250523211619",
    "businessShortCode": "174379",
    "passkey": "********",
    "passwordLength": 112,
    "timestampLength": 14
  }
}

[2025-05-23T18:16:19.399Z] {
  "action": "STK Push Request",
  "timestamp": "2025-05-23T18:16:19.399Z",
  "data": {
    "BusinessShortCode": "174379",
    "Password": "********",
    "Timestamp": "20250523211619",
    "TransactionType": "CustomerPayBillOnline",
    "Amount": 35600,
    "PartyA": "254727068107",
    "PartyB": "174379",
    "PhoneNumber": "254727068107",
    "CallBackURL": "http://localhost:5000/api/mpesa/callback",
    "AccountReference": "LINDA-NUT-177982",
    "TransactionDesc": "Payment for Order #LINDA-NUT-177982 at Linda's Nut Butter Store",
    "paymentType": "paybill",
    "paybillNumber": "174379",
    "tillNumber": "321798",
    "accountNumber": "0725317864",
    "environment": "SANDBOX",
    "retryAttempt": 0
  }
}

[2025-05-23T18:16:20.700Z] {
  "action": "STK Push Request",
  "timestamp": "2025-05-23T18:16:20.700Z",
  "data": {
    "phoneNumber": "254727068107",
    "amount": 35600,
    "orderId": "LINDA-NUT-177982"
  }
}

[2025-05-23T18:16:20.992Z] {
  "action": "OAuth Token Response",
  "timestamp": "2025-05-23T18:16:20.992Z",
  "data": {
    "status": 200,
    "success": true,
    "tokenPreview": "FaZhn...",
    "expires_in": "3599"
  }
}

[2025-05-23T18:16:20.993Z] {
  "action": "Generated STK Password",
  "timestamp": "2025-05-23T18:16:20.993Z",
  "data": {
    "timestamp": "20250523211620",
    "businessShortCode": "174379",
    "passkey": "********",
    "passwordLength": 112,
    "timestampLength": 14
  }
}

[2025-05-23T18:16:20.994Z] {
  "action": "STK Push Request",
  "timestamp": "2025-05-23T18:16:20.993Z",
  "data": {
    "BusinessShortCode": "174379",
    "Password": "********",
    "Timestamp": "20250523211620",
    "TransactionType": "CustomerPayBillOnline",
    "Amount": 35600,
    "PartyA": "254727068107",
    "PartyB": "174379",
    "PhoneNumber": "254727068107",
    "CallBackURL": "http://localhost:5000/api/mpesa/callback",
    "AccountReference": "LINDA-NUT-177982",
    "TransactionDesc": "Payment for Order #LINDA-NUT-177982 at Linda's Nut Butter Store",
    "paymentType": "paybill",
    "paybillNumber": "174379",
    "tillNumber": "321798",
    "accountNumber": "0725317864",
    "environment": "SANDBOX",
    "retryAttempt": 0
  }
}

[2025-05-23T18:16:22.635Z] {
  "action": "STK Push Request",
  "timestamp": "2025-05-23T18:16:22.635Z",
  "data": {
    "phoneNumber": "254727068107",
    "amount": 35600,
    "orderId": "LINDA-NUT-177982"
  }
}

[2025-05-23T18:16:22.843Z] {
  "action": "OAuth Token Response",
  "timestamp": "2025-05-23T18:16:22.843Z",
  "data": {
    "status": 200,
    "success": true,
    "tokenPreview": "3Ea9C...",
    "expires_in": "3599"
  }
}

[2025-05-23T18:16:22.847Z] {
  "action": "Generated STK Password",
  "timestamp": "2025-05-23T18:16:22.846Z",
  "data": {
    "timestamp": "20250523211622",
    "businessShortCode": "174379",
    "passkey": "********",
    "passwordLength": 112,
    "timestampLength": 14
  }
}

[2025-05-23T18:16:22.850Z] {
  "action": "STK Push Request",
  "timestamp": "2025-05-23T18:16:22.848Z",
  "data": {
    "BusinessShortCode": "174379",
    "Password": "********",
    "Timestamp": "20250523211622",
    "TransactionType": "CustomerPayBillOnline",
    "Amount": 35600,
    "PartyA": "254727068107",
    "PartyB": "174379",
    "PhoneNumber": "254727068107",
    "CallBackURL": "http://localhost:5000/api/mpesa/callback",
    "AccountReference": "LINDA-NUT-177982",
    "TransactionDesc": "Payment for Order #LINDA-NUT-177982 at Linda's Nut Butter Store",
    "paymentType": "paybill",
    "paybillNumber": "174379",
    "tillNumber": "321798",
    "accountNumber": "0725317864",
    "environment": "SANDBOX",
    "retryAttempt": 0
  }
}

[2025-05-23T18:16:24.743Z] {
  "action": "OAuth Token Response",
  "timestamp": "2025-05-23T18:16:24.743Z",
  "data": {
    "status": 200,
    "success": true,
    "tokenPreview": "vkTQv...",
    "expires_in": "3599"
  }
}

[2025-05-23T18:16:24.745Z] {
  "action": "Generated STK Password",
  "timestamp": "2025-05-23T18:16:24.745Z",
  "data": {
    "timestamp": "20250523211624",
    "businessShortCode": "174379",
    "passkey": "********",
    "passwordLength": 112,
    "timestampLength": 14
  }
}

[2025-05-23T18:16:24.746Z] {
  "action": "STK Push Request",
  "timestamp": "2025-05-23T18:16:24.746Z",
  "data": {
    "BusinessShortCode": "174379",
    "Password": "********",
    "Timestamp": "20250523211624",
    "TransactionType": "CustomerPayBillOnline",
    "Amount": 35600,
    "PartyA": "254727068107",
    "PartyB": "174379",
    "PhoneNumber": "254727068107",
    "CallBackURL": "http://localhost:5000/api/mpesa/callback",
    "AccountReference": "LINDA-NUT-177982",
    "TransactionDesc": "Payment for Order #LINDA-NUT-177982 at Linda's Nut Butter Store",
    "paymentType": "paybill",
    "paybillNumber": "174379",
    "tillNumber": "321798",
    "accountNumber": "0725317864",
    "environment": "SANDBOX",
    "retryAttempt": 1
  }
}

[2025-05-24T12:25:39.729Z] {
  "action": "STK Push Request",
  "timestamp": "2025-05-24T12:25:39.729Z",
  "data": {
    "phoneNumber": "254727068107",
    "amount": 800,
    "orderId": "LINDA-NUT-539723"
  }
}

[2025-05-24T12:25:40.410Z] {
  "action": "OAuth Token Response",
  "timestamp": "2025-05-24T12:25:40.410Z",
  "data": {
    "status": 200,
    "success": true,
    "tokenPreview": "uBwON...",
    "expires_in": "3599"
  }
}

[2025-05-24T12:25:40.412Z] {
  "action": "Generated STK Password",
  "timestamp": "2025-05-24T12:25:40.412Z",
  "data": {
    "timestamp": "20250524152540",
    "businessShortCode": "174379",
    "passkey": "********",
    "passwordLength": 112,
    "timestampLength": 14
  }
}

[2025-05-24T12:25:40.413Z] {
  "action": "STK Push Request",
  "timestamp": "2025-05-24T12:25:40.413Z",
  "data": {
    "BusinessShortCode": "174379",
    "Password": "********",
    "Timestamp": "20250524152540",
    "TransactionType": "CustomerPayBillOnline",
    "Amount": 800,
    "PartyA": "254727068107",
    "PartyB": "174379",
    "PhoneNumber": "254727068107",
    "CallBackURL": "http://localhost:5000/api/mpesa/callback",
    "AccountReference": "LINDA-NUT-539723",
    "TransactionDesc": "Payment for Order #LINDA-NUT-539723 at Linda's Nut Butter Store",
    "paymentType": "paybill",
    "paybillNumber": "174379",
    "tillNumber": "321798",
    "accountNumber": "0725317864",
    "environment": "SANDBOX",
    "retryAttempt": 0
  }
}

[2025-05-24T12:25:41.663Z] {
  "action": "STK Push Request",
  "timestamp": "2025-05-24T12:25:41.663Z",
  "data": {
    "phoneNumber": "254727068107",
    "amount": 800,
    "orderId": "LINDA-NUT-539723"
  }
}

[2025-05-24T12:25:41.845Z] {
  "action": "OAuth Token Response",
  "timestamp": "2025-05-24T12:25:41.845Z",
  "data": {
    "status": 200,
    "success": true,
    "tokenPreview": "Phul8...",
    "expires_in": "3599"
  }
}

[2025-05-24T12:25:41.847Z] {
  "action": "Generated STK Password",
  "timestamp": "2025-05-24T12:25:41.846Z",
  "data": {
    "timestamp": "20250524152541",
    "businessShortCode": "174379",
    "passkey": "********",
    "passwordLength": 112,
    "timestampLength": 14
  }
}

[2025-05-24T12:25:41.847Z] {
  "action": "STK Push Request",
  "timestamp": "2025-05-24T12:25:41.847Z",
  "data": {
    "BusinessShortCode": "174379",
    "Password": "********",
    "Timestamp": "20250524152541",
    "TransactionType": "CustomerPayBillOnline",
    "Amount": 800,
    "PartyA": "254727068107",
    "PartyB": "174379",
    "PhoneNumber": "254727068107",
    "CallBackURL": "http://localhost:5000/api/mpesa/callback",
    "AccountReference": "LINDA-NUT-539723",
    "TransactionDesc": "Payment for Order #LINDA-NUT-539723 at Linda's Nut Butter Store",
    "paymentType": "paybill",
    "paybillNumber": "174379",
    "tillNumber": "321798",
    "accountNumber": "0725317864",
    "environment": "SANDBOX",
    "retryAttempt": 0
  }
}

[2025-05-24T12:25:43.247Z] {
  "action": "STK Push Request",
  "timestamp": "2025-05-24T12:25:43.246Z",
  "data": {
    "phoneNumber": "254727068107",
    "amount": 800,
    "orderId": "LINDA-NUT-539723"
  }
}

[2025-05-24T12:25:43.468Z] {
  "action": "OAuth Token Response",
  "timestamp": "2025-05-24T12:25:43.468Z",
  "data": {
    "status": 200,
    "success": true,
    "tokenPreview": "NQj7u...",
    "expires_in": "3599"
  }
}

[2025-05-24T12:25:43.469Z] {
  "action": "Generated STK Password",
  "timestamp": "2025-05-24T12:25:43.469Z",
  "data": {
    "timestamp": "20250524152543",
    "businessShortCode": "174379",
    "passkey": "********",
    "passwordLength": 112,
    "timestampLength": 14
  }
}

[2025-05-24T12:25:43.471Z] {
  "action": "STK Push Request",
  "timestamp": "2025-05-24T12:25:43.469Z",
  "data": {
    "BusinessShortCode": "174379",
    "Password": "********",
    "Timestamp": "20250524152543",
    "TransactionType": "CustomerPayBillOnline",
    "Amount": 800,
    "PartyA": "254727068107",
    "PartyB": "174379",
    "PhoneNumber": "254727068107",
    "CallBackURL": "http://localhost:5000/api/mpesa/callback",
    "AccountReference": "LINDA-NUT-539723",
    "TransactionDesc": "Payment for Order #LINDA-NUT-539723 at Linda's Nut Butter Store",
    "paymentType": "paybill",
    "paybillNumber": "174379",
    "tillNumber": "321798",
    "accountNumber": "0725317864",
    "environment": "SANDBOX",
    "retryAttempt": 0
  }
}

[2025-05-24T12:26:50.511Z] {
  "action": "STK Push Request",
  "timestamp": "2025-05-24T12:26:50.510Z",
  "data": {
    "phoneNumber": "254727068107",
    "amount": 800,
    "orderId": "LINDA-NUT-610505"
  }
}

[2025-05-24T12:26:50.856Z] {
  "action": "OAuth Token Response",
  "timestamp": "2025-05-24T12:26:50.856Z",
  "data": {
    "status": 200,
    "success": true,
    "tokenPreview": "GpwPr...",
    "expires_in": "3599"
  }
}

[2025-05-24T12:26:50.857Z] {
  "action": "Generated STK Password",
  "timestamp": "2025-05-24T12:26:50.857Z",
  "data": {
    "timestamp": "20250524152650",
    "businessShortCode": "174379",
    "passkey": "********",
    "passwordLength": 112,
    "timestampLength": 14
  }
}

[2025-05-24T12:26:50.857Z] {
  "action": "STK Push Request",
  "timestamp": "2025-05-24T12:26:50.857Z",
  "data": {
    "BusinessShortCode": "174379",
    "Password": "********",
    "Timestamp": "20250524152650",
    "TransactionType": "CustomerPayBillOnline",
    "Amount": 800,
    "PartyA": "254727068107",
    "PartyB": "174379",
    "PhoneNumber": "254727068107",
    "CallBackURL": "http://localhost:5000/api/mpesa/callback",
    "AccountReference": "LINDA-NUT-610505",
    "TransactionDesc": "Payment for Order #LINDA-NUT-610505 at Linda's Nut Butter Store",
    "paymentType": "paybill",
    "paybillNumber": "174379",
    "tillNumber": "321798",
    "accountNumber": "0725317864",
    "environment": "SANDBOX",
    "retryAttempt": 0
  }
}

[2025-05-24T12:26:52.087Z] {
  "action": "STK Push Request",
  "timestamp": "2025-05-24T12:26:52.087Z",
  "data": {
    "phoneNumber": "254727068107",
    "amount": 800,
    "orderId": "LINDA-NUT-610505"
  }
}

[2025-05-24T12:26:52.284Z] {
  "action": "OAuth Token Response",
  "timestamp": "2025-05-24T12:26:52.284Z",
  "data": {
    "status": 200,
    "success": true,
    "tokenPreview": "XQNZ2...",
    "expires_in": "3599"
  }
}

[2025-05-24T12:26:52.285Z] {
  "action": "Generated STK Password",
  "timestamp": "2025-05-24T12:26:52.285Z",
  "data": {
    "timestamp": "20250524152652",
    "businessShortCode": "174379",
    "passkey": "********",
    "passwordLength": 112,
    "timestampLength": 14
  }
}

[2025-05-24T12:26:52.286Z] {
  "action": "STK Push Request",
  "timestamp": "2025-05-24T12:26:52.286Z",
  "data": {
    "BusinessShortCode": "174379",
    "Password": "********",
    "Timestamp": "20250524152652",
    "TransactionType": "CustomerPayBillOnline",
    "Amount": 800,
    "PartyA": "254727068107",
    "PartyB": "174379",
    "PhoneNumber": "254727068107",
    "CallBackURL": "http://localhost:5000/api/mpesa/callback",
    "AccountReference": "LINDA-NUT-610505",
    "TransactionDesc": "Payment for Order #LINDA-NUT-610505 at Linda's Nut Butter Store",
    "paymentType": "paybill",
    "paybillNumber": "174379",
    "tillNumber": "321798",
    "accountNumber": "0725317864",
    "environment": "SANDBOX",
    "retryAttempt": 0
  }
}

[2025-05-24T12:26:53.698Z] {
  "action": "OAuth Token Response",
  "timestamp": "2025-05-24T12:26:53.697Z",
  "data": {
    "status": 200,
    "success": true,
    "tokenPreview": "5Vtek...",
    "expires_in": "3599"
  }
}

[2025-05-24T12:26:53.699Z] {
  "action": "Generated STK Password",
  "timestamp": "2025-05-24T12:26:53.699Z",
  "data": {
    "timestamp": "20250524152653",
    "businessShortCode": "174379",
    "passkey": "********",
    "passwordLength": 112,
    "timestampLength": 14
  }
}

[2025-05-24T12:26:53.699Z] {
  "action": "STK Push Request",
  "timestamp": "2025-05-24T12:26:53.699Z",
  "data": {
    "BusinessShortCode": "174379",
    "Password": "********",
    "Timestamp": "20250524152653",
    "TransactionType": "CustomerPayBillOnline",
    "Amount": 800,
    "PartyA": "254727068107",
    "PartyB": "174379",
    "PhoneNumber": "254727068107",
    "CallBackURL": "http://localhost:5000/api/mpesa/callback",
    "AccountReference": "LINDA-NUT-610505",
    "TransactionDesc": "Payment for Order #LINDA-NUT-610505 at Linda's Nut Butter Store",
    "paymentType": "paybill",
    "paybillNumber": "174379",
    "tillNumber": "321798",
    "accountNumber": "0725317864",
    "environment": "SANDBOX",
    "retryAttempt": 1
  }
}

[2025-05-24T12:26:54.922Z] {
  "action": "STK Push Request",
  "timestamp": "2025-05-24T12:26:54.922Z",
  "data": {
    "phoneNumber": "254727068107",
    "amount": 800,
    "orderId": "LINDA-NUT-610505"
  }
}

[2025-05-24T12:26:55.117Z] {
  "action": "OAuth Token Response",
  "timestamp": "2025-05-24T12:26:55.117Z",
  "data": {
    "status": 200,
    "success": true,
    "tokenPreview": "Oephw...",
    "expires_in": "3599"
  }
}

[2025-05-24T12:26:55.119Z] {
  "action": "Generated STK Password",
  "timestamp": "2025-05-24T12:26:55.118Z",
  "data": {
    "timestamp": "20250524152655",
    "businessShortCode": "174379",
    "passkey": "********",
    "passwordLength": 112,
    "timestampLength": 14
  }
}

[2025-05-24T12:26:55.119Z] {
  "action": "STK Push Request",
  "timestamp": "2025-05-24T12:26:55.119Z",
  "data": {
    "BusinessShortCode": "174379",
    "Password": "********",
    "Timestamp": "20250524152655",
    "TransactionType": "CustomerPayBillOnline",
    "Amount": 800,
    "PartyA": "254727068107",
    "PartyB": "174379",
    "PhoneNumber": "254727068107",
    "CallBackURL": "http://localhost:5000/api/mpesa/callback",
    "AccountReference": "LINDA-NUT-610505",
    "TransactionDesc": "Payment for Order #LINDA-NUT-610505 at Linda's Nut Butter Store",
    "paymentType": "paybill",
    "paybillNumber": "174379",
    "tillNumber": "321798",
    "accountNumber": "0725317864",
    "environment": "SANDBOX",
    "retryAttempt": 0
  }
}

[2025-05-24T12:26:56.497Z] {
  "action": "OAuth Token Response",
  "timestamp": "2025-05-24T12:26:56.497Z",
  "data": {
    "status": 200,
    "success": true,
    "tokenPreview": "7VVBT...",
    "expires_in": "3599"
  }
}

[2025-05-24T12:26:56.498Z] {
  "action": "Generated STK Password",
  "timestamp": "2025-05-24T12:26:56.498Z",
  "data": {
    "timestamp": "20250524152656",
    "businessShortCode": "174379",
    "passkey": "********",
    "passwordLength": 112,
    "timestampLength": 14
  }
}

[2025-05-24T12:26:56.499Z] {
  "action": "STK Push Request",
  "timestamp": "2025-05-24T12:26:56.498Z",
  "data": {
    "BusinessShortCode": "174379",
    "Password": "********",
    "Timestamp": "20250524152656",
    "TransactionType": "CustomerPayBillOnline",
    "Amount": 800,
    "PartyA": "254727068107",
    "PartyB": "174379",
    "PhoneNumber": "254727068107",
    "CallBackURL": "http://localhost:5000/api/mpesa/callback",
    "AccountReference": "LINDA-NUT-610505",
    "TransactionDesc": "Payment for Order #LINDA-NUT-610505 at Linda's Nut Butter Store",
    "paymentType": "paybill",
    "paybillNumber": "174379",
    "tillNumber": "321798",
    "accountNumber": "0725317864",
    "environment": "SANDBOX",
    "retryAttempt": 1
  }
}

[2025-05-24T12:27:05.732Z] {
  "action": "STK Push Request",
  "timestamp": "2025-05-24T12:27:05.732Z",
  "data": {
    "phoneNumber": "254727068107",
    "amount": 800,
    "orderId": "LINDA-NUT-625727"
  }
}

[2025-05-24T12:27:05.920Z] {
  "action": "OAuth Token Response",
  "timestamp": "2025-05-24T12:27:05.920Z",
  "data": {
    "status": 200,
    "success": true,
    "tokenPreview": "Ss0Dc...",
    "expires_in": "3599"
  }
}

[2025-05-24T12:27:05.921Z] {
  "action": "Generated STK Password",
  "timestamp": "2025-05-24T12:27:05.921Z",
  "data": {
    "timestamp": "20250524152705",
    "businessShortCode": "174379",
    "passkey": "********",
    "passwordLength": 112,
    "timestampLength": 14
  }
}

[2025-05-24T12:27:05.921Z] {
  "action": "STK Push Request",
  "timestamp": "2025-05-24T12:27:05.921Z",
  "data": {
    "BusinessShortCode": "174379",
    "Password": "********",
    "Timestamp": "20250524152705",
    "TransactionType": "CustomerPayBillOnline",
    "Amount": 800,
    "PartyA": "254727068107",
    "PartyB": "174379",
    "PhoneNumber": "254727068107",
    "CallBackURL": "http://localhost:5000/api/mpesa/callback",
    "AccountReference": "LINDA-NUT-625727",
    "TransactionDesc": "Payment for Order #LINDA-NUT-625727 at Linda's Nut Butter Store",
    "paymentType": "paybill",
    "paybillNumber": "174379",
    "tillNumber": "321798",
    "accountNumber": "0725317864",
    "environment": "SANDBOX",
    "retryAttempt": 0
  }
}

[2025-05-24T12:27:07.312Z] {
  "action": "OAuth Token Response",
  "timestamp": "2025-05-24T12:27:07.312Z",
  "data": {
    "status": 200,
    "success": true,
    "tokenPreview": "abSm0...",
    "expires_in": "3599"
  }
}

[2025-05-24T12:27:07.313Z] {
  "action": "Generated STK Password",
  "timestamp": "2025-05-24T12:27:07.313Z",
  "data": {
    "timestamp": "20250524152707",
    "businessShortCode": "174379",
    "passkey": "********",
    "passwordLength": 112,
    "timestampLength": 14
  }
}

[2025-05-24T12:27:07.314Z] {
  "action": "STK Push Request",
  "timestamp": "2025-05-24T12:27:07.314Z",
  "data": {
    "BusinessShortCode": "174379",
    "Password": "********",
    "Timestamp": "20250524152707",
    "TransactionType": "CustomerPayBillOnline",
    "Amount": 800,
    "PartyA": "254727068107",
    "PartyB": "174379",
    "PhoneNumber": "254727068107",
    "CallBackURL": "http://localhost:5000/api/mpesa/callback",
    "AccountReference": "LINDA-NUT-625727",
    "TransactionDesc": "Payment for Order #LINDA-NUT-625727 at Linda's Nut Butter Store",
    "paymentType": "paybill",
    "paybillNumber": "174379",
    "tillNumber": "321798",
    "accountNumber": "0725317864",
    "environment": "SANDBOX",
    "retryAttempt": 1
  }
}

[2025-05-24T12:27:08.521Z] {
  "action": "STK Push Request",
  "timestamp": "2025-05-24T12:27:08.521Z",
  "data": {
    "phoneNumber": "254727068107",
    "amount": 800,
    "orderId": "LINDA-NUT-625727"
  }
}

[2025-05-24T12:27:08.706Z] {
  "action": "OAuth Token Response",
  "timestamp": "2025-05-24T12:27:08.706Z",
  "data": {
    "status": 200,
    "success": true,
    "tokenPreview": "aWjAf...",
    "expires_in": "3599"
  }
}

[2025-05-24T12:27:08.708Z] {
  "action": "Generated STK Password",
  "timestamp": "2025-05-24T12:27:08.707Z",
  "data": {
    "timestamp": "20250524152708",
    "businessShortCode": "174379",
    "passkey": "********",
    "passwordLength": 112,
    "timestampLength": 14
  }
}

[2025-05-24T12:27:08.708Z] {
  "action": "STK Push Request",
  "timestamp": "2025-05-24T12:27:08.708Z",
  "data": {
    "BusinessShortCode": "174379",
    "Password": "********",
    "Timestamp": "20250524152708",
    "TransactionType": "CustomerPayBillOnline",
    "Amount": 800,
    "PartyA": "254727068107",
    "PartyB": "174379",
    "PhoneNumber": "254727068107",
    "CallBackURL": "http://localhost:5000/api/mpesa/callback",
    "AccountReference": "LINDA-NUT-625727",
    "TransactionDesc": "Payment for Order #LINDA-NUT-625727 at Linda's Nut Butter Store",
    "paymentType": "paybill",
    "paybillNumber": "174379",
    "tillNumber": "321798",
    "accountNumber": "0725317864",
    "environment": "SANDBOX",
    "retryAttempt": 0
  }
}

[2025-05-24T12:27:10.099Z] {
  "action": "OAuth Token Response",
  "timestamp": "2025-05-24T12:27:10.099Z",
  "data": {
    "status": 200,
    "success": true,
    "tokenPreview": "sx98T...",
    "expires_in": "3599"
  }
}

[2025-05-24T12:27:10.101Z] {
  "action": "Generated STK Password",
  "timestamp": "2025-05-24T12:27:10.101Z",
  "data": {
    "timestamp": "20250524152710",
    "businessShortCode": "174379",
    "passkey": "********",
    "passwordLength": 112,
    "timestampLength": 14
  }
}

[2025-05-24T12:27:10.102Z] {
  "action": "STK Push Request",
  "timestamp": "2025-05-24T12:27:10.101Z",
  "data": {
    "BusinessShortCode": "174379",
    "Password": "********",
    "Timestamp": "20250524152710",
    "TransactionType": "CustomerPayBillOnline",
    "Amount": 800,
    "PartyA": "254727068107",
    "PartyB": "174379",
    "PhoneNumber": "254727068107",
    "CallBackURL": "http://localhost:5000/api/mpesa/callback",
    "AccountReference": "LINDA-NUT-625727",
    "TransactionDesc": "Payment for Order #LINDA-NUT-625727 at Linda's Nut Butter Store",
    "paymentType": "paybill",
    "paybillNumber": "174379",
    "tillNumber": "321798",
    "accountNumber": "0725317864",
    "environment": "SANDBOX",
    "retryAttempt": 1
  }
}

[2025-05-24T12:27:12.505Z] {
  "action": "OAuth Token Response",
  "timestamp": "2025-05-24T12:27:12.504Z",
  "data": {
    "status": 200,
    "success": true,
    "tokenPreview": "yl0C4...",
    "expires_in": "3599"
  }
}

[2025-05-24T12:27:12.507Z] {
  "action": "Generated STK Password",
  "timestamp": "2025-05-24T12:27:12.506Z",
  "data": {
    "timestamp": "20250524152712",
    "businessShortCode": "174379",
    "passkey": "********",
    "passwordLength": 112,
    "timestampLength": 14
  }
}

[2025-05-24T12:27:12.508Z] {
  "action": "STK Push Request",
  "timestamp": "2025-05-24T12:27:12.507Z",
  "data": {
    "BusinessShortCode": "174379",
    "Password": "********",
    "Timestamp": "20250524152712",
    "TransactionType": "CustomerPayBillOnline",
    "Amount": 800,
    "PartyA": "254727068107",
    "PartyB": "174379",
    "PhoneNumber": "254727068107",
    "CallBackURL": "http://localhost:5000/api/mpesa/callback",
    "AccountReference": "LINDA-NUT-625727",
    "TransactionDesc": "Payment for Order #LINDA-NUT-625727 at Linda's Nut Butter Store",
    "paymentType": "paybill",
    "paybillNumber": "174379",
    "tillNumber": "321798",
    "accountNumber": "0725317864",
    "environment": "SANDBOX",
    "retryAttempt": 2
  }
}

[2025-05-24T12:27:13.720Z] {
  "action": "STK Push Request",
  "timestamp": "2025-05-24T12:27:13.720Z",
  "data": {
    "phoneNumber": "254727068107",
    "amount": 800,
    "orderId": "LINDA-NUT-625727"
  }
}

[2025-05-24T12:27:13.929Z] {
  "action": "OAuth Token Response",
  "timestamp": "2025-05-24T12:27:13.929Z",
  "data": {
    "status": 200,
    "success": true,
    "tokenPreview": "kJM11...",
    "expires_in": "3599"
  }
}

[2025-05-24T12:27:13.930Z] {
  "action": "Generated STK Password",
  "timestamp": "2025-05-24T12:27:13.930Z",
  "data": {
    "timestamp": "20250524152713",
    "businessShortCode": "174379",
    "passkey": "********",
    "passwordLength": 112,
    "timestampLength": 14
  }
}

[2025-05-24T12:27:13.930Z] {
  "action": "STK Push Request",
  "timestamp": "2025-05-24T12:27:13.930Z",
  "data": {
    "BusinessShortCode": "174379",
    "Password": "********",
    "Timestamp": "20250524152713",
    "TransactionType": "CustomerPayBillOnline",
    "Amount": 800,
    "PartyA": "254727068107",
    "PartyB": "174379",
    "PhoneNumber": "254727068107",
    "CallBackURL": "http://localhost:5000/api/mpesa/callback",
    "AccountReference": "LINDA-NUT-625727",
    "TransactionDesc": "Payment for Order #LINDA-NUT-625727 at Linda's Nut Butter Store",
    "paymentType": "paybill",
    "paybillNumber": "174379",
    "tillNumber": "321798",
    "accountNumber": "0725317864",
    "environment": "SANDBOX",
    "retryAttempt": 0
  }
}

[2025-05-25T06:00:39.480Z] {
  "action": "STK Push Request",
  "timestamp": "2025-05-25T06:00:39.480Z",
  "data": {
    "phoneNumber": "254708374149",
    "amount": 2000,
    "orderId": "LINDA-NUT-839474"
  }
}

[2025-05-25T06:00:40.128Z] {
  "action": "OAuth Token Response",
  "timestamp": "2025-05-25T06:00:40.128Z",
  "data": {
    "status": 200,
    "success": true,
    "tokenPreview": "Gah0O...",
    "expires_in": "3599"
  }
}

[2025-05-25T06:00:40.129Z] {
  "action": "Generated STK Password",
  "timestamp": "2025-05-25T06:00:40.129Z",
  "data": {
    "timestamp": "20250525090040",
    "businessShortCode": "174379",
    "passkey": "********",
    "passwordLength": 112,
    "timestampLength": 14
  }
}

[2025-05-25T06:00:40.130Z] {
  "action": "STK Push Request",
  "timestamp": "2025-05-25T06:00:40.130Z",
  "data": {
    "BusinessShortCode": "174379",
    "Password": "********",
    "Timestamp": "20250525090040",
    "TransactionType": "CustomerPayBillOnline",
    "Amount": 2000,
    "PartyA": "254708374149",
    "PartyB": "174379",
    "PhoneNumber": "254708374149",
    "CallBackURL": "https://2e15-41-90-64-164.ngrok-free.app/api/mpesa/callback",
    "AccountReference": "LINDA-NUT-839474",
    "TransactionDesc": "Payment for Order #LINDA-NUT-839474 at Linda's Nut Butter Store",
    "paymentType": "paybill",
    "paybillNumber": "174379",
    "tillNumber": "321798",
    "accountNumber": "0725317864",
    "environment": "SANDBOX",
    "retryAttempt": 0
  }
}

[2025-05-25T06:00:40.603Z] {
  "action": "STK Push Response",
  "timestamp": "2025-05-25T06:00:40.602Z",
  "data": {
    "MerchantRequestID": "b18f-4a07-9aff-d6e1fb096b5146449",
    "CheckoutRequestID": "ws_CO_25052025090040380708374149",
    "ResponseCode": "0",
    "ResponseDescription": "Success. Request accepted for processing",
    "CustomerMessage": "Success. Request accepted for processing",
    "paymentType": "paybill",
    "businessShortCode": "174379",
    "paybillNumber": "174379",
    "tillNumber": "321798",
    "accountNumber": "0725317864",
    "timestamp": "20250525090040"
  }
}

[2025-05-25T06:00:40.603Z] {
  "action": "STK Push Response",
  "timestamp": "2025-05-25T06:00:40.603Z",
  "data": {
    "MerchantRequestID": "b18f-4a07-9aff-d6e1fb096b5146449",
    "CheckoutRequestID": "ws_CO_25052025090040380708374149",
    "ResponseCode": "0",
    "ResponseDescription": "Success. Request accepted for processing",
    "CustomerMessage": "Success. Request accepted for processing"
  }
}

[2025-05-25T06:04:08.094Z] {
  "action": "STK Push Request",
  "timestamp": "2025-05-25T06:04:08.094Z",
  "data": {
    "phoneNumber": "254708374149",
    "amount": 4800,
    "orderId": "LINDA-NUT-048089"
  }
}

[2025-05-25T06:04:08.749Z] {
  "action": "OAuth Token Response",
  "timestamp": "2025-05-25T06:04:08.749Z",
  "data": {
    "status": 200,
    "success": true,
    "tokenPreview": "nSYOE...",
    "expires_in": "3599"
  }
}

[2025-05-25T06:04:08.750Z] {
  "action": "Generated STK Password",
  "timestamp": "2025-05-25T06:04:08.750Z",
  "data": {
    "timestamp": "20250525090408",
    "businessShortCode": "174379",
    "passkey": "********",
    "passwordLength": 112,
    "timestampLength": 14
  }
}

[2025-05-25T06:04:08.750Z] {
  "action": "STK Push Request",
  "timestamp": "2025-05-25T06:04:08.750Z",
  "data": {
    "BusinessShortCode": "174379",
    "Password": "********",
    "Timestamp": "20250525090408",
    "TransactionType": "CustomerPayBillOnline",
    "Amount": 4800,
    "PartyA": "254708374149",
    "PartyB": "174379",
    "PhoneNumber": "254708374149",
    "CallBackURL": "https://2e15-41-90-64-164.ngrok-free.app/api/mpesa/callback",
    "AccountReference": "LINDA-NUT-048089",
    "TransactionDesc": "Payment for Order #LINDA-NUT-048089 at Linda's Nut Butter Store",
    "paymentType": "paybill",
    "paybillNumber": "174379",
    "tillNumber": "321798",
    "accountNumber": "0725317864",
    "environment": "SANDBOX",
    "retryAttempt": 0
  }
}

[2025-05-25T06:04:09.316Z] {
  "action": "STK Push Response",
  "timestamp": "2025-05-25T06:04:09.316Z",
  "data": {
    "MerchantRequestID": "94fd-4d30-a4ee-73894dcc3fe2285704",
    "CheckoutRequestID": "ws_CO_25052025090612312708374149",
    "ResponseCode": "0",
    "ResponseDescription": "Success. Request accepted for processing",
    "CustomerMessage": "Success. Request accepted for processing",
    "paymentType": "paybill",
    "businessShortCode": "174379",
    "paybillNumber": "174379",
    "tillNumber": "321798",
    "accountNumber": "0725317864",
    "timestamp": "20250525090408"
  }
}

[2025-05-25T06:04:09.316Z] {
  "action": "STK Push Response",
  "timestamp": "2025-05-25T06:04:09.316Z",
  "data": {
    "MerchantRequestID": "94fd-4d30-a4ee-73894dcc3fe2285704",
    "CheckoutRequestID": "ws_CO_25052025090612312708374149",
    "ResponseCode": "0",
    "ResponseDescription": "Success. Request accepted for processing",
    "CustomerMessage": "Success. Request accepted for processing"
  }
}

[2025-05-25T06:08:40.957Z] {
  "action": "STK Push Request",
  "timestamp": "2025-05-25T06:08:40.957Z",
  "data": {
    "phoneNumber": "254708374149",
    "amount": 2300,
    "orderId": "LINDA-NUT-320951"
  }
}

[2025-05-25T06:08:41.601Z] {
  "action": "OAuth Token Response",
  "timestamp": "2025-05-25T06:08:41.601Z",
  "data": {
    "status": 200,
    "success": true,
    "tokenPreview": "M5FAk...",
    "expires_in": "3599"
  }
}

[2025-05-25T06:08:41.602Z] {
  "action": "Generated STK Password",
  "timestamp": "2025-05-25T06:08:41.602Z",
  "data": {
    "timestamp": "20250525090841",
    "businessShortCode": "174379",
    "passkey": "********",
    "passwordLength": 112,
    "timestampLength": 14
  }
}

[2025-05-25T06:08:41.603Z] {
  "action": "STK Push Request",
  "timestamp": "2025-05-25T06:08:41.603Z",
  "data": {
    "BusinessShortCode": "174379",
    "Password": "********",
    "Timestamp": "20250525090841",
    "TransactionType": "CustomerPayBillOnline",
    "Amount": 2300,
    "PartyA": "254708374149",
    "PartyB": "174379",
    "PhoneNumber": "254708374149",
    "CallBackURL": "https://2e15-41-90-64-164.ngrok-free.app/api/mpesa/callback",
    "AccountReference": "LINDA-NUT-320951",
    "TransactionDesc": "Payment for Order #LINDA-NUT-320951 at Linda's Nut Butter Store",
    "paymentType": "paybill",
    "paybillNumber": "174379",
    "tillNumber": "321798",
    "accountNumber": "0725317864",
    "environment": "SANDBOX",
    "retryAttempt": 0
  }
}

[2025-05-25T06:08:42.072Z] {
  "action": "STK Push Response",
  "timestamp": "2025-05-25T06:08:42.072Z",
  "data": {
    "MerchantRequestID": "b18f-4a07-9aff-d6e1fb096b5146813",
    "CheckoutRequestID": "ws_CO_25052025090841841708374149",
    "ResponseCode": "0",
    "ResponseDescription": "Success. Request accepted for processing",
    "CustomerMessage": "Success. Request accepted for processing",
    "paymentType": "paybill",
    "businessShortCode": "174379",
    "paybillNumber": "174379",
    "tillNumber": "321798",
    "accountNumber": "0725317864",
    "timestamp": "20250525090841"
  }
}

[2025-05-25T06:08:42.072Z] {
  "action": "STK Push Response",
  "timestamp": "2025-05-25T06:08:42.072Z",
  "data": {
    "MerchantRequestID": "b18f-4a07-9aff-d6e1fb096b5146813",
    "CheckoutRequestID": "ws_CO_25052025090841841708374149",
    "ResponseCode": "0",
    "ResponseDescription": "Success. Request accepted for processing",
    "CustomerMessage": "Success. Request accepted for processing"
  }
}

[2025-05-25T06:09:01.170Z] {
  "action": "STK Push Request",
  "timestamp": "2025-05-25T06:09:01.170Z",
  "data": {
    "phoneNumber": "254727068107",
    "amount": 2300,
    "orderId": "LINDA-NUT-341166"
  }
}

[2025-05-25T06:09:01.380Z] {
  "action": "OAuth Token Response",
  "timestamp": "2025-05-25T06:09:01.380Z",
  "data": {
    "status": 200,
    "success": true,
    "tokenPreview": "CRANl...",
    "expires_in": "3599"
  }
}

[2025-05-25T06:09:01.381Z] {
  "action": "Generated STK Password",
  "timestamp": "2025-05-25T06:09:01.381Z",
  "data": {
    "timestamp": "20250525090901",
    "businessShortCode": "174379",
    "passkey": "********",
    "passwordLength": 112,
    "timestampLength": 14
  }
}

[2025-05-25T06:09:01.381Z] {
  "action": "STK Push Request",
  "timestamp": "2025-05-25T06:09:01.381Z",
  "data": {
    "BusinessShortCode": "174379",
    "Password": "********",
    "Timestamp": "20250525090901",
    "TransactionType": "CustomerPayBillOnline",
    "Amount": 2300,
    "PartyA": "254727068107",
    "PartyB": "174379",
    "PhoneNumber": "254727068107",
    "CallBackURL": "https://2e15-41-90-64-164.ngrok-free.app/api/mpesa/callback",
    "AccountReference": "LINDA-NUT-341166",
    "TransactionDesc": "Payment for Order #LINDA-NUT-341166 at Linda's Nut Butter Store",
    "paymentType": "paybill",
    "paybillNumber": "174379",
    "tillNumber": "321798",
    "accountNumber": "0725317864",
    "environment": "SANDBOX",
    "retryAttempt": 0
  }
}

[2025-05-25T06:09:01.860Z] {
  "action": "STK Push Response",
  "timestamp": "2025-05-25T06:09:01.860Z",
  "data": {
    "MerchantRequestID": "94fd-4d30-a4ee-73894dcc3fe2285816",
    "CheckoutRequestID": "ws_CO_25052025091104928727068107",
    "ResponseCode": "0",
    "ResponseDescription": "Success. Request accepted for processing",
    "CustomerMessage": "Success. Request accepted for processing",
    "paymentType": "paybill",
    "businessShortCode": "174379",
    "paybillNumber": "174379",
    "tillNumber": "321798",
    "accountNumber": "0725317864",
    "timestamp": "20250525090901"
  }
}

[2025-05-25T06:09:01.861Z] {
  "action": "STK Push Response",
  "timestamp": "2025-05-25T06:09:01.860Z",
  "data": {
    "MerchantRequestID": "94fd-4d30-a4ee-73894dcc3fe2285816",
    "CheckoutRequestID": "ws_CO_25052025091104928727068107",
    "ResponseCode": "0",
    "ResponseDescription": "Success. Request accepted for processing",
    "CustomerMessage": "Success. Request accepted for processing"
  }
}

[2025-05-25T06:09:27.594Z] {
  "action": "STK Push Request",
  "timestamp": "2025-05-25T06:09:27.594Z",
  "data": {
    "phoneNumber": "254720379247",
    "amount": 2300,
    "orderId": "LINDA-NUT-367590"
  }
}

[2025-05-25T06:09:27.952Z] {
  "action": "OAuth Token Response",
  "timestamp": "2025-05-25T06:09:27.952Z",
  "data": {
    "status": 200,
    "success": true,
    "tokenPreview": "yB0KA...",
    "expires_in": "3599"
  }
}

[2025-05-25T06:09:27.952Z] {
  "action": "Generated STK Password",
  "timestamp": "2025-05-25T06:09:27.952Z",
  "data": {
    "timestamp": "20250525090927",
    "businessShortCode": "174379",
    "passkey": "********",
    "passwordLength": 112,
    "timestampLength": 14
  }
}

[2025-05-25T06:09:27.953Z] {
  "action": "STK Push Request",
  "timestamp": "2025-05-25T06:09:27.953Z",
  "data": {
    "BusinessShortCode": "174379",
    "Password": "********",
    "Timestamp": "20250525090927",
    "TransactionType": "CustomerPayBillOnline",
    "Amount": 2300,
    "PartyA": "254720379247",
    "PartyB": "174379",
    "PhoneNumber": "254720379247",
    "CallBackURL": "https://2e15-41-90-64-164.ngrok-free.app/api/mpesa/callback",
    "AccountReference": "LINDA-NUT-367590",
    "TransactionDesc": "Payment for Order #LINDA-NUT-367590 at Linda's Nut Butter Store",
    "paymentType": "paybill",
    "paybillNumber": "174379",
    "tillNumber": "321798",
    "accountNumber": "0725317864",
    "environment": "SANDBOX",
    "retryAttempt": 0
  }
}

[2025-05-25T06:09:28.741Z] {
  "action": "STK Push Response",
  "timestamp": "2025-05-25T06:09:28.740Z",
  "data": {
    "MerchantRequestID": "94fd-4d30-a4ee-73894dcc3fe2285856",
    "CheckoutRequestID": "ws_CO_25052025090928171720379247",
    "ResponseCode": "0",
    "ResponseDescription": "Success. Request accepted for processing",
    "CustomerMessage": "Success. Request accepted for processing",
    "paymentType": "paybill",
    "businessShortCode": "174379",
    "paybillNumber": "174379",
    "tillNumber": "321798",
    "accountNumber": "0725317864",
    "timestamp": "20250525090927"
  }
}

[2025-05-25T06:09:28.741Z] {
  "action": "STK Push Response",
  "timestamp": "2025-05-25T06:09:28.741Z",
  "data": {
    "MerchantRequestID": "94fd-4d30-a4ee-73894dcc3fe2285856",
    "CheckoutRequestID": "ws_CO_25052025090928171720379247",
    "ResponseCode": "0",
    "ResponseDescription": "Success. Request accepted for processing",
    "CustomerMessage": "Success. Request accepted for processing"
  }
}

[2025-05-25T06:41:21.318Z] {
  "action": "STK Push Request",
  "timestamp": "2025-05-25T06:41:21.317Z",
  "data": {
    "phoneNumber": "254727068107",
    "amount": 2300,
    "orderId": "LINDA-NUT-281297"
  }
}

[2025-05-25T06:41:22.017Z] {
  "action": "OAuth Token Response",
  "timestamp": "2025-05-25T06:41:22.017Z",
  "data": {
    "status": 200,
    "success": true,
    "tokenPreview": "zeNzA...",
    "expires_in": "3599"
  }
}

[2025-05-25T06:41:22.019Z] {
  "action": "Generated STK Password",
  "timestamp": "2025-05-25T06:41:22.018Z",
  "data": {
    "timestamp": "20250525094122",
    "businessShortCode": "174379",
    "passkey": "********",
    "passwordLength": 112,
    "timestampLength": 14
  }
}

[2025-05-25T06:41:22.020Z] {
  "action": "STK Push Request",
  "timestamp": "2025-05-25T06:41:22.019Z",
  "data": {
    "BusinessShortCode": "174379",
    "Password": "********",
    "Timestamp": "20250525094122",
    "TransactionType": "CustomerPayBillOnline",
    "Amount": 2300,
    "PartyA": "254727068107",
    "PartyB": "174379",
    "PhoneNumber": "254727068107",
    "CallBackURL": "https://2e15-41-90-64-164.ngrok-free.app/api/mpesa/callback",
    "AccountReference": "LINDA-NUT-281297",
    "TransactionDesc": "Payment for Order #LINDA-NUT-281297 at Linda's Nut Butter Store",
    "paymentType": "paybill",
    "paybillNumber": "174379",
    "tillNumber": "321798",
    "accountNumber": "0725317864",
    "environment": "SANDBOX",
    "retryAttempt": 0
  }
}

[2025-05-25T06:41:22.501Z] {
  "action": "STK Push Response",
  "timestamp": "2025-05-25T06:41:22.501Z",
  "data": {
    "MerchantRequestID": "74cc-45b4-9c87-cf63848fd8651155917",
    "CheckoutRequestID": "ws_CO_25052025094122236727068107",
    "ResponseCode": "0",
    "ResponseDescription": "Success. Request accepted for processing",
    "CustomerMessage": "Success. Request accepted for processing",
    "paymentType": "paybill",
    "businessShortCode": "174379",
    "paybillNumber": "174379",
    "tillNumber": "321798",
    "accountNumber": "0725317864",
    "timestamp": "20250525094122"
  }
}

[2025-05-25T06:41:22.502Z] {
  "action": "STK Push Response",
  "timestamp": "2025-05-25T06:41:22.502Z",
  "data": {
    "MerchantRequestID": "74cc-45b4-9c87-cf63848fd8651155917",
    "CheckoutRequestID": "ws_CO_25052025094122236727068107",
    "ResponseCode": "0",
    "ResponseDescription": "Success. Request accepted for processing",
    "CustomerMessage": "Success. Request accepted for processing"
  }
}

[2025-05-25T06:42:06.017Z] {
  "action": "STK Push Request",
  "timestamp": "2025-05-25T06:42:06.017Z",
  "data": {
    "phoneNumber": "254708374150",
    "amount": 2300,
    "orderId": "LINDA-NUT-325995"
  }
}

[2025-05-25T06:42:06.360Z] {
  "action": "OAuth Token Response",
  "timestamp": "2025-05-25T06:42:06.360Z",
  "data": {
    "status": 200,
    "success": true,
    "tokenPreview": "w2ooE...",
    "expires_in": "3599"
  }
}

[2025-05-25T06:42:06.362Z] {
  "action": "Generated STK Password",
  "timestamp": "2025-05-25T06:42:06.362Z",
  "data": {
    "timestamp": "20250525094206",
    "businessShortCode": "174379",
    "passkey": "********",
    "passwordLength": 112,
    "timestampLength": 14
  }
}

[2025-05-25T06:42:06.362Z] {
  "action": "STK Push Request",
  "timestamp": "2025-05-25T06:42:06.362Z",
  "data": {
    "BusinessShortCode": "174379",
    "Password": "********",
    "Timestamp": "20250525094206",
    "TransactionType": "CustomerPayBillOnline",
    "Amount": 2300,
    "PartyA": "254708374150",
    "PartyB": "174379",
    "PhoneNumber": "254708374150",
    "CallBackURL": "https://2e15-41-90-64-164.ngrok-free.app/api/mpesa/callback",
    "AccountReference": "LINDA-NUT-325995",
    "TransactionDesc": "Payment for Order #LINDA-NUT-325995 at Linda's Nut Butter Store",
    "paymentType": "paybill",
    "paybillNumber": "174379",
    "tillNumber": "321798",
    "accountNumber": "0725317864",
    "environment": "SANDBOX",
    "retryAttempt": 0
  }
}

[2025-05-25T06:42:06.962Z] {
  "action": "STK Push Response",
  "timestamp": "2025-05-25T06:42:06.962Z",
  "data": {
    "MerchantRequestID": "b3f4-4853-beb7-b6b6628fe790489092",
    "CheckoutRequestID": "ws_CO_25052025094409947708374150",
    "ResponseCode": "0",
    "ResponseDescription": "Success. Request accepted for processing",
    "CustomerMessage": "Success. Request accepted for processing",
    "paymentType": "paybill",
    "businessShortCode": "174379",
    "paybillNumber": "174379",
    "tillNumber": "321798",
    "accountNumber": "0725317864",
    "timestamp": "20250525094206"
  }
}

[2025-05-25T06:42:06.963Z] {
  "action": "STK Push Response",
  "timestamp": "2025-05-25T06:42:06.963Z",
  "data": {
    "MerchantRequestID": "b3f4-4853-beb7-b6b6628fe790489092",
    "CheckoutRequestID": "ws_CO_25052025094409947708374150",
    "ResponseCode": "0",
    "ResponseDescription": "Success. Request accepted for processing",
    "CustomerMessage": "Success. Request accepted for processing"
  }
}

[2025-05-25T06:42:35.095Z] {
  "action": "STK Push Request",
  "timestamp": "2025-05-25T06:42:35.095Z",
  "data": {
    "phoneNumber": "254708374149",
    "amount": 2300,
    "orderId": "LINDA-NUT-355065"
  }
}

[2025-05-25T06:42:35.458Z] {
  "action": "OAuth Token Response",
  "timestamp": "2025-05-25T06:42:35.458Z",
  "data": {
    "status": 200,
    "success": true,
    "tokenPreview": "ecW5w...",
    "expires_in": "3599"
  }
}

[2025-05-25T06:42:35.460Z] {
  "action": "Generated STK Password",
  "timestamp": "2025-05-25T06:42:35.459Z",
  "data": {
    "timestamp": "20250525094235",
    "businessShortCode": "174379",
    "passkey": "********",
    "passwordLength": 112,
    "timestampLength": 14
  }
}

[2025-05-25T06:42:35.460Z] {
  "action": "STK Push Request",
  "timestamp": "2025-05-25T06:42:35.460Z",
  "data": {
    "BusinessShortCode": "174379",
    "Password": "********",
    "Timestamp": "20250525094235",
    "TransactionType": "CustomerPayBillOnline",
    "Amount": 2300,
    "PartyA": "254708374149",
    "PartyB": "174379",
    "PhoneNumber": "254708374149",
    "CallBackURL": "https://2e15-41-90-64-164.ngrok-free.app/api/mpesa/callback",
    "AccountReference": "LINDA-NUT-355065",
    "TransactionDesc": "Payment for Order #LINDA-NUT-355065 at Linda's Nut Butter Store",
    "paymentType": "paybill",
    "paybillNumber": "174379",
    "tillNumber": "321798",
    "accountNumber": "0725317864",
    "environment": "SANDBOX",
    "retryAttempt": 0
  }
}

[2025-05-25T06:42:35.925Z] {
  "action": "STK Push Response",
  "timestamp": "2025-05-25T06:42:35.925Z",
  "data": {
    "MerchantRequestID": "b3f4-4853-beb7-b6b6628fe790489104",
    "CheckoutRequestID": "ws_CO_25052025094235626708374149",
    "ResponseCode": "0",
    "ResponseDescription": "Success. Request accepted for processing",
    "CustomerMessage": "Success. Request accepted for processing",
    "paymentType": "paybill",
    "businessShortCode": "174379",
    "paybillNumber": "174379",
    "tillNumber": "321798",
    "accountNumber": "0725317864",
    "timestamp": "20250525094235"
  }
}

[2025-05-25T06:42:35.926Z] {
  "action": "STK Push Response",
  "timestamp": "2025-05-25T06:42:35.926Z",
  "data": {
    "MerchantRequestID": "b3f4-4853-beb7-b6b6628fe790489104",
    "CheckoutRequestID": "ws_CO_25052025094235626708374149",
    "ResponseCode": "0",
    "ResponseDescription": "Success. Request accepted for processing",
    "CustomerMessage": "Success. Request accepted for processing"
  }
}

[2025-05-25T06:47:16.267Z] {
  "action": "STK Push Request",
  "timestamp": "2025-05-25T06:47:16.267Z",
  "data": {
    "phoneNumber": "254708374149",
    "amount": 2300,
    "orderId": "LINDA-NUT-636233"
  }
}

[2025-05-25T06:47:16.982Z] {
  "action": "OAuth Token Response",
  "timestamp": "2025-05-25T06:47:16.982Z",
  "data": {
    "status": 200,
    "success": true,
    "tokenPreview": "c3qAj...",
    "expires_in": "3599"
  }
}

[2025-05-25T06:47:16.983Z] {
  "action": "Generated STK Password",
  "timestamp": "2025-05-25T06:47:16.983Z",
  "data": {
    "timestamp": "20250525094716",
    "businessShortCode": "174379",
    "passkey": "********",
    "passwordLength": 112,
    "timestampLength": 14
  }
}

[2025-05-25T06:47:16.983Z] {
  "action": "STK Push Request",
  "timestamp": "2025-05-25T06:47:16.983Z",
  "data": {
    "BusinessShortCode": "174379",
    "Password": "********",
    "Timestamp": "20250525094716",
    "TransactionType": "CustomerPayBillOnline",
    "Amount": 2300,
    "PartyA": "254708374149",
    "PartyB": "174379",
    "PhoneNumber": "254708374149",
    "CallBackURL": "https://2e15-41-90-64-164.ngrok-free.app/api/mpesa/callback",
    "AccountReference": "LINDA-NUT-636233",
    "TransactionDesc": "Payment for Order #LINDA-NUT-636233 at Linda's Nut Butter Store",
    "paymentType": "paybill",
    "paybillNumber": "174379",
    "tillNumber": "321798",
    "accountNumber": "0725317864",
    "environment": "SANDBOX",
    "retryAttempt": 0
  }
}

[2025-05-25T06:47:17.514Z] {
  "action": "STK Push Response",
  "timestamp": "2025-05-25T06:47:17.514Z",
  "data": {
    "MerchantRequestID": "b18f-4a07-9aff-d6e1fb096b5148162",
    "CheckoutRequestID": "ws_CO_25052025094920560708374149",
    "ResponseCode": "0",
    "ResponseDescription": "Success. Request accepted for processing",
    "CustomerMessage": "Success. Request accepted for processing",
    "paymentType": "paybill",
    "businessShortCode": "174379",
    "paybillNumber": "174379",
    "tillNumber": "321798",
    "accountNumber": "0725317864",
    "timestamp": "20250525094716"
  }
}

[2025-05-25T06:47:17.515Z] {
  "action": "STK Push Response",
  "timestamp": "2025-05-25T06:47:17.514Z",
  "data": {
    "MerchantRequestID": "b18f-4a07-9aff-d6e1fb096b5148162",
    "CheckoutRequestID": "ws_CO_25052025094920560708374149",
    "ResponseCode": "0",
    "ResponseDescription": "Success. Request accepted for processing",
    "CustomerMessage": "Success. Request accepted for processing"
  }
}

[2025-05-25T11:46:13.186Z] {
  "action": "STK Push Request",
  "timestamp": "2025-05-25T11:46:13.186Z",
  "data": {
    "phoneNumber": "254727068107",
    "amount": 17700,
    "orderId": "LINDA-NUT-573181"
  }
}

[2025-05-25T11:46:13.897Z] {
  "action": "OAuth Token Response",
  "timestamp": "2025-05-25T11:46:13.897Z",
  "data": {
    "status": 200,
    "success": true,
    "tokenPreview": "EHNAq...",
    "expires_in": "3599"
  }
}

[2025-05-25T11:46:13.898Z] {
  "action": "Generated STK Password",
  "timestamp": "2025-05-25T11:46:13.898Z",
  "data": {
    "timestamp": "20250525144613",
    "businessShortCode": "174379",
    "passkey": "********",
    "passwordLength": 112,
    "timestampLength": 14
  }
}

[2025-05-25T11:46:13.898Z] {
  "action": "STK Push Request",
  "timestamp": "2025-05-25T11:46:13.898Z",
  "data": {
    "BusinessShortCode": "174379",
    "Password": "********",
    "Timestamp": "20250525144613",
    "TransactionType": "CustomerPayBillOnline",
    "Amount": 17700,
    "PartyA": "254727068107",
    "PartyB": "174379",
    "PhoneNumber": "254727068107",
    "CallBackURL": "https://2e15-41-90-64-164.ngrok-free.app/api/mpesa/callback",
    "AccountReference": "LINDA-NUT-573181",
    "TransactionDesc": "Payment for Order #LINDA-NUT-573181 at Linda's Nut Butter Store",
    "paymentType": "paybill",
    "paybillNumber": "174379",
    "tillNumber": "321798",
    "accountNumber": "0725317864",
    "environment": "SANDBOX",
    "retryAttempt": 0
  }
}

[2025-05-25T11:46:14.432Z] {
  "action": "STK Push Response",
  "timestamp": "2025-05-25T11:46:14.432Z",
  "data": {
    "MerchantRequestID": "17f6-47b3-b4fd-ae0574a0242c370705",
    "CheckoutRequestID": "ws_CO_25052025144818636727068107",
    "ResponseCode": "0",
    "ResponseDescription": "Success. Request accepted for processing",
    "CustomerMessage": "Success. Request accepted for processing",
    "paymentType": "paybill",
    "businessShortCode": "174379",
    "paybillNumber": "174379",
    "tillNumber": "321798",
    "accountNumber": "0725317864",
    "timestamp": "20250525144613"
  }
}

[2025-05-25T11:46:14.433Z] {
  "action": "STK Push Response",
  "timestamp": "2025-05-25T11:46:14.433Z",
  "data": {
    "MerchantRequestID": "17f6-47b3-b4fd-ae0574a0242c370705",
    "CheckoutRequestID": "ws_CO_25052025144818636727068107",
    "ResponseCode": "0",
    "ResponseDescription": "Success. Request accepted for processing",
    "CustomerMessage": "Success. Request accepted for processing"
  }
}

[2025-05-25T11:50:44.088Z] {
  "action": "STK Push Request",
  "timestamp": "2025-05-25T11:50:44.088Z",
  "data": {
    "phoneNumber": "254708374149",
    "amount": 8600,
    "orderId": "LINDA-NUT-844084"
  }
}

[2025-05-25T11:50:44.800Z] {
  "action": "OAuth Token Response",
  "timestamp": "2025-05-25T11:50:44.800Z",
  "data": {
    "status": 200,
    "success": true,
    "tokenPreview": "pR3wO...",
    "expires_in": "3599"
  }
}

[2025-05-25T11:50:44.801Z] {
  "action": "Generated STK Password",
  "timestamp": "2025-05-25T11:50:44.801Z",
  "data": {
    "timestamp": "20250525145044",
    "businessShortCode": "174379",
    "passkey": "********",
    "passwordLength": 112,
    "timestampLength": 14
  }
}

[2025-05-25T11:50:44.801Z] {
  "action": "STK Push Request",
  "timestamp": "2025-05-25T11:50:44.801Z",
  "data": {
    "BusinessShortCode": "174379",
    "Password": "********",
    "Timestamp": "20250525145044",
    "TransactionType": "CustomerPayBillOnline",
    "Amount": 8600,
    "PartyA": "254708374149",
    "PartyB": "174379",
    "PhoneNumber": "254708374149",
    "CallBackURL": "https://2e15-41-90-64-164.ngrok-free.app/api/mpesa/callback",
    "AccountReference": "LINDA-NUT-844084",
    "TransactionDesc": "Payment for Order #LINDA-NUT-844084 at Linda's Nut Butter Store",
    "paymentType": "paybill",
    "paybillNumber": "174379",
    "tillNumber": "321798",
    "accountNumber": "0725317864",
    "environment": "SANDBOX",
    "retryAttempt": 0
  }
}

[2025-05-25T11:50:47.170Z] {
  "action": "STK Push Response",
  "timestamp": "2025-05-25T11:50:47.170Z",
  "data": {
    "MerchantRequestID": "74cc-45b4-9c87-cf63848fd8651163434",
    "CheckoutRequestID": "ws_CO_25052025145045404708374149",
    "ResponseCode": "0",
    "ResponseDescription": "Success. Request accepted for processing",
    "CustomerMessage": "Success. Request accepted for processing",
    "paymentType": "paybill",
    "businessShortCode": "174379",
    "paybillNumber": "174379",
    "tillNumber": "321798",
    "accountNumber": "0725317864",
    "timestamp": "20250525145044"
  }
}

[2025-05-25T11:50:47.171Z] {
  "action": "STK Push Response",
  "timestamp": "2025-05-25T11:50:47.171Z",
  "data": {
    "MerchantRequestID": "74cc-45b4-9c87-cf63848fd8651163434",
    "CheckoutRequestID": "ws_CO_25052025145045404708374149",
    "ResponseCode": "0",
    "ResponseDescription": "Success. Request accepted for processing",
    "CustomerMessage": "Success. Request accepted for processing"
  }
}

[2025-05-25T11:51:03.333Z] {
  "action": "STK Push Request",
  "timestamp": "2025-05-25T11:51:03.333Z",
  "data": {
    "phoneNumber": "254708374149",
    "amount": 8600,
    "orderId": "LINDA-NUT-863331"
  }
}

[2025-05-25T11:51:03.519Z] {
  "action": "OAuth Token Response",
  "timestamp": "2025-05-25T11:51:03.519Z",
  "data": {
    "status": 200,
    "success": true,
    "tokenPreview": "oWyrz...",
    "expires_in": "3599"
  }
}

[2025-05-25T11:51:03.520Z] {
  "action": "Generated STK Password",
  "timestamp": "2025-05-25T11:51:03.520Z",
  "data": {
    "timestamp": "20250525145103",
    "businessShortCode": "174379",
    "passkey": "********",
    "passwordLength": 112,
    "timestampLength": 14
  }
}

[2025-05-25T11:51:03.520Z] {
  "action": "STK Push Request",
  "timestamp": "2025-05-25T11:51:03.520Z",
  "data": {
    "BusinessShortCode": "174379",
    "Password": "********",
    "Timestamp": "20250525145103",
    "TransactionType": "CustomerPayBillOnline",
    "Amount": 8600,
    "PartyA": "254708374149",
    "PartyB": "174379",
    "PhoneNumber": "254708374149",
    "CallBackURL": "https://2e15-41-90-64-164.ngrok-free.app/api/mpesa/callback",
    "AccountReference": "LINDA-NUT-863331",
    "TransactionDesc": "Payment for Order #LINDA-NUT-863331 at Linda's Nut Butter Store",
    "paymentType": "paybill",
    "paybillNumber": "174379",
    "tillNumber": "321798",
    "accountNumber": "0725317864",
    "environment": "SANDBOX",
    "retryAttempt": 0
  }
}

[2025-05-25T11:51:04.978Z] {
  "action": "OAuth Token Response",
  "timestamp": "2025-05-25T11:51:04.978Z",
  "data": {
    "status": 200,
    "success": true,
    "tokenPreview": "C3ZWK...",
    "expires_in": "3599"
  }
}

[2025-05-25T11:51:04.979Z] {
  "action": "Generated STK Password",
  "timestamp": "2025-05-25T11:51:04.979Z",
  "data": {
    "timestamp": "20250525145104",
    "businessShortCode": "174379",
    "passkey": "********",
    "passwordLength": 112,
    "timestampLength": 14
  }
}

[2025-05-25T11:51:04.980Z] {
  "action": "STK Push Request",
  "timestamp": "2025-05-25T11:51:04.980Z",
  "data": {
    "BusinessShortCode": "174379",
    "Password": "********",
    "Timestamp": "20250525145104",
    "TransactionType": "CustomerPayBillOnline",
    "Amount": 8600,
    "PartyA": "254708374149",
    "PartyB": "174379",
    "PhoneNumber": "254708374149",
    "CallBackURL": "https://2e15-41-90-64-164.ngrok-free.app/api/mpesa/callback",
    "AccountReference": "LINDA-NUT-863331",
    "TransactionDesc": "Payment for Order #LINDA-NUT-863331 at Linda's Nut Butter Store",
    "paymentType": "paybill",
    "paybillNumber": "174379",
    "tillNumber": "321798",
    "accountNumber": "0725317864",
    "environment": "SANDBOX",
    "retryAttempt": 1
  }
}

[2025-05-25T11:51:07.385Z] {
  "action": "OAuth Token Response",
  "timestamp": "2025-05-25T11:51:07.385Z",
  "data": {
    "status": 200,
    "success": true,
    "tokenPreview": "UV93e...",
    "expires_in": "3599"
  }
}

[2025-05-25T11:51:07.385Z] {
  "action": "Generated STK Password",
  "timestamp": "2025-05-25T11:51:07.385Z",
  "data": {
    "timestamp": "20250525145107",
    "businessShortCode": "174379",
    "passkey": "********",
    "passwordLength": 112,
    "timestampLength": 14
  }
}

[2025-05-25T11:51:07.386Z] {
  "action": "STK Push Request",
  "timestamp": "2025-05-25T11:51:07.385Z",
  "data": {
    "BusinessShortCode": "174379",
    "Password": "********",
    "Timestamp": "20250525145107",
    "TransactionType": "CustomerPayBillOnline",
    "Amount": 8600,
    "PartyA": "254708374149",
    "PartyB": "174379",
    "PhoneNumber": "254708374149",
    "CallBackURL": "https://2e15-41-90-64-164.ngrok-free.app/api/mpesa/callback",
    "AccountReference": "LINDA-NUT-863331",
    "TransactionDesc": "Payment for Order #LINDA-NUT-863331 at Linda's Nut Butter Store",
    "paymentType": "paybill",
    "paybillNumber": "174379",
    "tillNumber": "321798",
    "accountNumber": "0725317864",
    "environment": "SANDBOX",
    "retryAttempt": 2
  }
}

[2025-05-25T11:51:07.587Z] {
  "action": "STK Push Request",
  "timestamp": "2025-05-25T11:51:07.587Z",
  "data": {
    "phoneNumber": "254708374149",
    "amount": 8600,
    "orderId": "LINDA-NUT-863331"
  }
}

[2025-05-25T11:51:07.767Z] {
  "action": "OAuth Token Response",
  "timestamp": "2025-05-25T11:51:07.767Z",
  "data": {
    "status": 200,
    "success": true,
    "tokenPreview": "UXJBv...",
    "expires_in": "3599"
  }
}

[2025-05-25T11:51:07.769Z] {
  "action": "Generated STK Password",
  "timestamp": "2025-05-25T11:51:07.769Z",
  "data": {
    "timestamp": "20250525145107",
    "businessShortCode": "174379",
    "passkey": "********",
    "passwordLength": 112,
    "timestampLength": 14
  }
}

[2025-05-25T11:51:07.770Z] {
  "action": "STK Push Request",
  "timestamp": "2025-05-25T11:51:07.770Z",
  "data": {
    "BusinessShortCode": "174379",
    "Password": "********",
    "Timestamp": "20250525145107",
    "TransactionType": "CustomerPayBillOnline",
    "Amount": 8600,
    "PartyA": "254708374149",
    "PartyB": "174379",
    "PhoneNumber": "254708374149",
    "CallBackURL": "https://2e15-41-90-64-164.ngrok-free.app/api/mpesa/callback",
    "AccountReference": "LINDA-NUT-863331",
    "TransactionDesc": "Payment for Order #LINDA-NUT-863331 at Linda's Nut Butter Store",
    "paymentType": "paybill",
    "paybillNumber": "174379",
    "tillNumber": "321798",
    "accountNumber": "0725317864",
    "environment": "SANDBOX",
    "retryAttempt": 0
  }
}

[2025-05-25T11:51:09.160Z] {
  "action": "OAuth Token Response",
  "timestamp": "2025-05-25T11:51:09.160Z",
  "data": {
    "status": 200,
    "success": true,
    "tokenPreview": "ktYNe...",
    "expires_in": "3599"
  }
}

[2025-05-25T11:51:09.161Z] {
  "action": "Generated STK Password",
  "timestamp": "2025-05-25T11:51:09.161Z",
  "data": {
    "timestamp": "20250525145109",
    "businessShortCode": "174379",
    "passkey": "********",
    "passwordLength": 112,
    "timestampLength": 14
  }
}

[2025-05-25T11:51:09.161Z] {
  "action": "STK Push Request",
  "timestamp": "2025-05-25T11:51:09.161Z",
  "data": {
    "BusinessShortCode": "174379",
    "Password": "********",
    "Timestamp": "20250525145109",
    "TransactionType": "CustomerPayBillOnline",
    "Amount": 8600,
    "PartyA": "254708374149",
    "PartyB": "174379",
    "PhoneNumber": "254708374149",
    "CallBackURL": "https://2e15-41-90-64-164.ngrok-free.app/api/mpesa/callback",
    "AccountReference": "LINDA-NUT-863331",
    "TransactionDesc": "Payment for Order #LINDA-NUT-863331 at Linda's Nut Butter Store",
    "paymentType": "paybill",
    "paybillNumber": "174379",
    "tillNumber": "321798",
    "accountNumber": "0725317864",
    "environment": "SANDBOX",
    "retryAttempt": 1
  }
}

[2025-05-25T11:51:11.564Z] {
  "action": "OAuth Token Response",
  "timestamp": "2025-05-25T11:51:11.564Z",
  "data": {
    "status": 200,
    "success": true,
    "tokenPreview": "q5XX4...",
    "expires_in": "3599"
  }
}

[2025-05-25T11:51:11.565Z] {
  "action": "Generated STK Password",
  "timestamp": "2025-05-25T11:51:11.565Z",
  "data": {
    "timestamp": "20250525145111",
    "businessShortCode": "174379",
    "passkey": "********",
    "passwordLength": 112,
    "timestampLength": 14
  }
}

[2025-05-25T11:51:11.565Z] {
  "action": "STK Push Request",
  "timestamp": "2025-05-25T11:51:11.565Z",
  "data": {
    "BusinessShortCode": "174379",
    "Password": "********",
    "Timestamp": "20250525145111",
    "TransactionType": "CustomerPayBillOnline",
    "Amount": 8600,
    "PartyA": "254708374149",
    "PartyB": "174379",
    "PhoneNumber": "254708374149",
    "CallBackURL": "https://2e15-41-90-64-164.ngrok-free.app/api/mpesa/callback",
    "AccountReference": "LINDA-NUT-863331",
    "TransactionDesc": "Payment for Order #LINDA-NUT-863331 at Linda's Nut Butter Store",
    "paymentType": "paybill",
    "paybillNumber": "174379",
    "tillNumber": "321798",
    "accountNumber": "0725317864",
    "environment": "SANDBOX",
    "retryAttempt": 2
  }
}

[2025-05-25T11:51:13.377Z] {
  "action": "STK Push Request",
  "timestamp": "2025-05-25T11:51:13.377Z",
  "data": {
    "phoneNumber": "254708374149",
    "amount": 8600,
    "orderId": "LINDA-NUT-863331"
  }
}

[2025-05-25T11:51:13.560Z] {
  "action": "OAuth Token Response",
  "timestamp": "2025-05-25T11:51:13.560Z",
  "data": {
    "status": 200,
    "success": true,
    "tokenPreview": "foY00...",
    "expires_in": "3599"
  }
}

[2025-05-25T11:51:13.560Z] {
  "action": "Generated STK Password",
  "timestamp": "2025-05-25T11:51:13.560Z",
  "data": {
    "timestamp": "20250525145113",
    "businessShortCode": "174379",
    "passkey": "********",
    "passwordLength": 112,
    "timestampLength": 14
  }
}

[2025-05-25T11:51:13.561Z] {
  "action": "STK Push Request",
  "timestamp": "2025-05-25T11:51:13.561Z",
  "data": {
    "BusinessShortCode": "174379",
    "Password": "********",
    "Timestamp": "20250525145113",
    "TransactionType": "CustomerPayBillOnline",
    "Amount": 8600,
    "PartyA": "254708374149",
    "PartyB": "174379",
    "PhoneNumber": "254708374149",
    "CallBackURL": "https://2e15-41-90-64-164.ngrok-free.app/api/mpesa/callback",
    "AccountReference": "LINDA-NUT-863331",
    "TransactionDesc": "Payment for Order #LINDA-NUT-863331 at Linda's Nut Butter Store",
    "paymentType": "paybill",
    "paybillNumber": "174379",
    "tillNumber": "321798",
    "accountNumber": "0725317864",
    "environment": "SANDBOX",
    "retryAttempt": 0
  }
}

[2025-05-25T11:51:14.952Z] {
  "action": "OAuth Token Response",
  "timestamp": "2025-05-25T11:51:14.952Z",
  "data": {
    "status": 200,
    "success": true,
    "tokenPreview": "K1ViH...",
    "expires_in": "3599"
  }
}

[2025-05-25T11:51:14.952Z] {
  "action": "Generated STK Password",
  "timestamp": "2025-05-25T11:51:14.952Z",
  "data": {
    "timestamp": "20250525145114",
    "businessShortCode": "174379",
    "passkey": "********",
    "passwordLength": 112,
    "timestampLength": 14
  }
}

[2025-05-25T11:51:14.953Z] {
  "action": "STK Push Request",
  "timestamp": "2025-05-25T11:51:14.953Z",
  "data": {
    "BusinessShortCode": "174379",
    "Password": "********",
    "Timestamp": "20250525145114",
    "TransactionType": "CustomerPayBillOnline",
    "Amount": 8600,
    "PartyA": "254708374149",
    "PartyB": "174379",
    "PhoneNumber": "254708374149",
    "CallBackURL": "https://2e15-41-90-64-164.ngrok-free.app/api/mpesa/callback",
    "AccountReference": "LINDA-NUT-863331",
    "TransactionDesc": "Payment for Order #LINDA-NUT-863331 at Linda's Nut Butter Store",
    "paymentType": "paybill",
    "paybillNumber": "174379",
    "tillNumber": "321798",
    "accountNumber": "0725317864",
    "environment": "SANDBOX",
    "retryAttempt": 1
  }
}

[2025-05-25T11:51:17.369Z] {
  "action": "OAuth Token Response",
  "timestamp": "2025-05-25T11:51:17.369Z",
  "data": {
    "status": 200,
    "success": true,
    "tokenPreview": "xpnWH...",
    "expires_in": "3599"
  }
}

[2025-05-25T11:51:17.370Z] {
  "action": "Generated STK Password",
  "timestamp": "2025-05-25T11:51:17.370Z",
  "data": {
    "timestamp": "20250525145117",
    "businessShortCode": "174379",
    "passkey": "********",
    "passwordLength": 112,
    "timestampLength": 14
  }
}

[2025-05-25T11:51:17.370Z] {
  "action": "STK Push Request",
  "timestamp": "2025-05-25T11:51:17.370Z",
  "data": {
    "BusinessShortCode": "174379",
    "Password": "********",
    "Timestamp": "20250525145117",
    "TransactionType": "CustomerPayBillOnline",
    "Amount": 8600,
    "PartyA": "254708374149",
    "PartyB": "174379",
    "PhoneNumber": "254708374149",
    "CallBackURL": "https://2e15-41-90-64-164.ngrok-free.app/api/mpesa/callback",
    "AccountReference": "LINDA-NUT-863331",
    "TransactionDesc": "Payment for Order #LINDA-NUT-863331 at Linda's Nut Butter Store",
    "paymentType": "paybill",
    "paybillNumber": "174379",
    "tillNumber": "321798",
    "accountNumber": "0725317864",
    "environment": "SANDBOX",
    "retryAttempt": 2
  }
}

[2025-05-25T11:51:19.374Z] {
  "action": "STK Push Request",
  "timestamp": "2025-05-25T11:51:19.374Z",
  "data": {
    "phoneNumber": "254708374149",
    "amount": 8600,
    "orderId": "LINDA-NUT-863331"
  }
}

[2025-05-25T11:51:19.562Z] {
  "action": "OAuth Token Response",
  "timestamp": "2025-05-25T11:51:19.562Z",
  "data": {
    "status": 200,
    "success": true,
    "tokenPreview": "HF2Ji...",
    "expires_in": "3599"
  }
}

[2025-05-25T11:51:19.563Z] {
  "action": "Generated STK Password",
  "timestamp": "2025-05-25T11:51:19.563Z",
  "data": {
    "timestamp": "20250525145119",
    "businessShortCode": "174379",
    "passkey": "********",
    "passwordLength": 112,
    "timestampLength": 14
  }
}

[2025-05-25T11:51:19.563Z] {
  "action": "STK Push Request",
  "timestamp": "2025-05-25T11:51:19.563Z",
  "data": {
    "BusinessShortCode": "174379",
    "Password": "********",
    "Timestamp": "20250525145119",
    "TransactionType": "CustomerPayBillOnline",
    "Amount": 8600,
    "PartyA": "254708374149",
    "PartyB": "174379",
    "PhoneNumber": "254708374149",
    "CallBackURL": "https://2e15-41-90-64-164.ngrok-free.app/api/mpesa/callback",
    "AccountReference": "LINDA-NUT-863331",
    "TransactionDesc": "Payment for Order #LINDA-NUT-863331 at Linda's Nut Butter Store",
    "paymentType": "paybill",
    "paybillNumber": "174379",
    "tillNumber": "321798",
    "accountNumber": "0725317864",
    "environment": "SANDBOX",
    "retryAttempt": 0
  }
}

[2025-05-25T11:51:20.106Z] {
  "action": "STK Push Response",
  "timestamp": "2025-05-25T11:51:20.106Z",
  "data": {
    "MerchantRequestID": "74cc-45b4-9c87-cf63848fd8651163449",
    "CheckoutRequestID": "ws_CO_25052025145120278708374149",
    "ResponseCode": "0",
    "ResponseDescription": "Success. Request accepted for processing",
    "CustomerMessage": "Success. Request accepted for processing",
    "paymentType": "paybill",
    "businessShortCode": "174379",
    "paybillNumber": "174379",
    "tillNumber": "321798",
    "accountNumber": "0725317864",
    "timestamp": "20250525145119"
  }
}

[2025-05-25T11:51:20.107Z] {
  "action": "STK Push Response",
  "timestamp": "2025-05-25T11:51:20.107Z",
  "data": {
    "MerchantRequestID": "74cc-45b4-9c87-cf63848fd8651163449",
    "CheckoutRequestID": "ws_CO_25052025145120278708374149",
    "ResponseCode": "0",
    "ResponseDescription": "Success. Request accepted for processing",
    "CustomerMessage": "Success. Request accepted for processing"
  }
}

[2025-05-25T11:51:37.982Z] {
  "action": "STK Push Request",
  "timestamp": "2025-05-25T11:51:37.982Z",
  "data": {
    "phoneNumber": "254708374149",
    "amount": 8600,
    "orderId": "LINDA-NUT-897979"
  }
}

[2025-05-25T11:51:38.238Z] {
  "action": "OAuth Token Response",
  "timestamp": "2025-05-25T11:51:38.238Z",
  "data": {
    "status": 200,
    "success": true,
    "tokenPreview": "1cCxu...",
    "expires_in": "3599"
  }
}

[2025-05-25T11:51:38.238Z] {
  "action": "Generated STK Password",
  "timestamp": "2025-05-25T11:51:38.238Z",
  "data": {
    "timestamp": "20250525145138",
    "businessShortCode": "174379",
    "passkey": "********",
    "passwordLength": 112,
    "timestampLength": 14
  }
}

[2025-05-25T11:51:38.238Z] {
  "action": "STK Push Request",
  "timestamp": "2025-05-25T11:51:38.238Z",
  "data": {
    "BusinessShortCode": "174379",
    "Password": "********",
    "Timestamp": "20250525145138",
    "TransactionType": "CustomerPayBillOnline",
    "Amount": 8600,
    "PartyA": "254708374149",
    "PartyB": "174379",
    "PhoneNumber": "254708374149",
    "CallBackURL": "https://2e15-41-90-64-164.ngrok-free.app/api/mpesa/callback",
    "AccountReference": "LINDA-NUT-897979",
    "TransactionDesc": "Payment for Order #LINDA-NUT-897979 at Linda's Nut Butter Store",
    "paymentType": "paybill",
    "paybillNumber": "174379",
    "tillNumber": "321798",
    "accountNumber": "0725317864",
    "environment": "SANDBOX",
    "retryAttempt": 0
  }
}

[2025-05-25T11:51:39.239Z] {
  "action": "STK Push Response",
  "timestamp": "2025-05-25T11:51:39.239Z",
  "data": {
    "MerchantRequestID": "74cc-45b4-9c87-cf63848fd8651163458",
    "CheckoutRequestID": "ws_CO_25052025145138842708374149",
    "ResponseCode": "0",
    "ResponseDescription": "Success. Request accepted for processing",
    "CustomerMessage": "Success. Request accepted for processing",
    "paymentType": "paybill",
    "businessShortCode": "174379",
    "paybillNumber": "174379",
    "tillNumber": "321798",
    "accountNumber": "0725317864",
    "timestamp": "20250525145138"
  }
}

[2025-05-25T11:51:39.239Z] {
  "action": "STK Push Response",
  "timestamp": "2025-05-25T11:51:39.239Z",
  "data": {
    "MerchantRequestID": "74cc-45b4-9c87-cf63848fd8651163458",
    "CheckoutRequestID": "ws_CO_25052025145138842708374149",
    "ResponseCode": "0",
    "ResponseDescription": "Success. Request accepted for processing",
    "CustomerMessage": "Success. Request accepted for processing"
  }
}

[2025-05-25T11:52:14.974Z] {
  "action": "STK Push Request",
  "timestamp": "2025-05-25T11:52:14.974Z",
  "data": {
    "phoneNumber": "254708374150",
    "amount": 8600,
    "orderId": "LINDA-NUT-934971"
  }
}

[2025-05-25T11:52:15.217Z] {
  "action": "OAuth Token Response",
  "timestamp": "2025-05-25T11:52:15.217Z",
  "data": {
    "status": 200,
    "success": true,
    "tokenPreview": "AGkDX...",
    "expires_in": "3599"
  }
}

[2025-05-25T11:52:15.218Z] {
  "action": "Generated STK Password",
  "timestamp": "2025-05-25T11:52:15.218Z",
  "data": {
    "timestamp": "20250525145215",
    "businessShortCode": "174379",
    "passkey": "********",
    "passwordLength": 112,
    "timestampLength": 14
  }
}

[2025-05-25T11:52:15.218Z] {
  "action": "STK Push Request",
  "timestamp": "2025-05-25T11:52:15.218Z",
  "data": {
    "BusinessShortCode": "174379",
    "Password": "********",
    "Timestamp": "20250525145215",
    "TransactionType": "CustomerPayBillOnline",
    "Amount": 8600,
    "PartyA": "254708374150",
    "PartyB": "174379",
    "PhoneNumber": "254708374150",
    "CallBackURL": "https://2e15-41-90-64-164.ngrok-free.app/api/mpesa/callback",
    "AccountReference": "LINDA-NUT-934971",
    "TransactionDesc": "Payment for Order #LINDA-NUT-934971 at Linda's Nut Butter Store",
    "paymentType": "paybill",
    "paybillNumber": "174379",
    "tillNumber": "321798",
    "accountNumber": "0725317864",
    "environment": "SANDBOX",
    "retryAttempt": 0
  }
}

[2025-05-25T11:52:15.890Z] {
  "action": "STK Push Response",
  "timestamp": "2025-05-25T11:52:15.890Z",
  "data": {
    "MerchantRequestID": "17f6-47b3-b4fd-ae0574a0242c370844",
    "CheckoutRequestID": "ws_CO_25052025145215800708374150",
    "ResponseCode": "0",
    "ResponseDescription": "Success. Request accepted for processing",
    "CustomerMessage": "Success. Request accepted for processing",
    "paymentType": "paybill",
    "businessShortCode": "174379",
    "paybillNumber": "174379",
    "tillNumber": "321798",
    "accountNumber": "0725317864",
    "timestamp": "20250525145215"
  }
}

[2025-05-25T11:52:15.890Z] {
  "action": "STK Push Response",
  "timestamp": "2025-05-25T11:52:15.890Z",
  "data": {
    "MerchantRequestID": "17f6-47b3-b4fd-ae0574a0242c370844",
    "CheckoutRequestID": "ws_CO_25052025145215800708374150",
    "ResponseCode": "0",
    "ResponseDescription": "Success. Request accepted for processing",
    "CustomerMessage": "Success. Request accepted for processing"
  }
}

[2025-05-25T12:09:11.592Z] {
  "action": "STK Push Request",
  "timestamp": "2025-05-25T12:09:11.591Z",
  "data": {
    "phoneNumber": "254708374150",
    "amount": 8600,
    "orderId": "LINDA-NUT-951562"
  }
}

[2025-05-25T12:09:12.182Z] {
  "action": "OAuth Token Response",
  "timestamp": "2025-05-25T12:09:12.181Z",
  "data": {
    "status": 200,
    "success": true,
    "tokenPreview": "tHrPx...",
    "expires_in": "3599"
  }
}

[2025-05-25T12:09:12.183Z] {
  "action": "Generated STK Password",
  "timestamp": "2025-05-25T12:09:12.183Z",
  "data": {
    "timestamp": "20250525150912",
    "businessShortCode": "174379",
    "passkey": "********",
    "passwordLength": 112,
    "timestampLength": 14
  }
}

[2025-05-25T12:09:12.184Z] {
  "action": "STK Push Request",
  "timestamp": "2025-05-25T12:09:12.183Z",
  "data": {
    "BusinessShortCode": "174379",
    "Password": "********",
    "Timestamp": "20250525150912",
    "TransactionType": "CustomerPayBillOnline",
    "Amount": 8600,
    "PartyA": "254708374150",
    "PartyB": "174379",
    "PhoneNumber": "254708374150",
    "CallBackURL": "https://2e15-41-90-64-164.ngrok-free.app/api/mpesa/callback",
    "AccountReference": "LINDA-NUT-951562",
    "TransactionDesc": "Payment for Order #LINDA-NUT-951562 at Linda's Nut Butter Store",
    "paymentType": "paybill",
    "paybillNumber": "174379",
    "tillNumber": "321798",
    "accountNumber": "0725317864",
    "environment": "SANDBOX",
    "retryAttempt": 0
  }
}

[2025-05-25T12:09:12.665Z] {
  "action": "STK Push Response",
  "timestamp": "2025-05-25T12:09:12.665Z",
  "data": {
    "MerchantRequestID": "94fd-4d30-a4ee-73894dcc3fe2298932",
    "CheckoutRequestID": "ws_CO_25052025150912764708374150",
    "ResponseCode": "0",
    "ResponseDescription": "Success. Request accepted for processing",
    "CustomerMessage": "Success. Request accepted for processing",
    "paymentType": "paybill",
    "businessShortCode": "174379",
    "paybillNumber": "174379",
    "tillNumber": "321798",
    "accountNumber": "0725317864",
    "timestamp": "20250525150912"
  }
}

[2025-05-25T12:09:12.665Z] {
  "action": "STK Push Response",
  "timestamp": "2025-05-25T12:09:12.665Z",
  "data": {
    "MerchantRequestID": "94fd-4d30-a4ee-73894dcc3fe2298932",
    "CheckoutRequestID": "ws_CO_25052025150912764708374150",
    "ResponseCode": "0",
    "ResponseDescription": "Success. Request accepted for processing",
    "CustomerMessage": "Success. Request accepted for processing"
  }
}

[2025-05-25T13:19:45.223Z] {
  "action": "STK Push Request",
  "timestamp": "2025-05-25T13:19:45.223Z",
  "data": {
    "phoneNumber": "254708374150",
    "amount": 8600,
    "orderId": "LINDA-NUT-185219"
  }
}

[2025-05-25T13:19:45.946Z] {
  "action": "OAuth Token Response",
  "timestamp": "2025-05-25T13:19:45.946Z",
  "data": {
    "status": 200,
    "success": true,
    "tokenPreview": "zze8F...",
    "expires_in": "3599"
  }
}

[2025-05-25T13:19:45.947Z] {
  "action": "Generated STK Password",
  "timestamp": "2025-05-25T13:19:45.947Z",
  "data": {
    "timestamp": "20250525161945",
    "businessShortCode": "174379",
    "passkey": "********",
    "passwordLength": 112,
    "timestampLength": 14
  }
}

[2025-05-25T13:19:45.947Z] {
  "action": "STK Push Request",
  "timestamp": "2025-05-25T13:19:45.947Z",
  "data": {
    "BusinessShortCode": "174379",
    "Password": "********",
    "Timestamp": "20250525161945",
    "TransactionType": "CustomerPayBillOnline",
    "Amount": 8600,
    "PartyA": "254708374150",
    "PartyB": "174379",
    "PhoneNumber": "254708374150",
    "CallBackURL": "https://2e15-41-90-64-164.ngrok-free.app/api/mpesa/callback",
    "AccountReference": "LINDA-NUT-185219",
    "TransactionDesc": "Payment for Order #LINDA-NUT-185219 at Linda's Nut Butter Store",
    "paymentType": "paybill",
    "paybillNumber": "174379",
    "tillNumber": "321798",
    "accountNumber": "0725317864",
    "environment": "SANDBOX",
    "retryAttempt": 0
  }
}

[2025-05-25T13:19:46.427Z] {
  "action": "STK Push Response",
  "timestamp": "2025-05-25T13:19:46.427Z",
  "data": {
    "MerchantRequestID": "b3f4-4853-beb7-b6b6628fe790498439",
    "CheckoutRequestID": "ws_CO_25052025162150714708374150",
    "ResponseCode": "0",
    "ResponseDescription": "Success. Request accepted for processing",
    "CustomerMessage": "Success. Request accepted for processing",
    "paymentType": "paybill",
    "businessShortCode": "174379",
    "paybillNumber": "174379",
    "tillNumber": "321798",
    "accountNumber": "0725317864",
    "timestamp": "20250525161945"
  }
}

[2025-05-25T13:19:46.428Z] {
  "action": "STK Push Response",
  "timestamp": "2025-05-25T13:19:46.427Z",
  "data": {
    "MerchantRequestID": "b3f4-4853-beb7-b6b6628fe790498439",
    "CheckoutRequestID": "ws_CO_25052025162150714708374150",
    "ResponseCode": "0",
    "ResponseDescription": "Success. Request accepted for processing",
    "CustomerMessage": "Success. Request accepted for processing"
  }
}

[2025-05-25T14:15:14.806Z] {
  "action": "STK Push Request",
  "timestamp": "2025-05-25T14:15:14.806Z",
  "data": {
    "phoneNumber": "254727068107",
    "amount": 8600,
    "orderId": "LINDA-NUT-514797"
  }
}

[2025-05-25T14:15:15.769Z] {
  "action": "OAuth Token Response",
  "timestamp": "2025-05-25T14:15:15.769Z",
  "data": {
    "status": 200,
    "success": true,
    "tokenPreview": "CNfmp...",
    "expires_in": "3599"
  }
}

[2025-05-25T14:15:15.771Z] {
  "action": "Generated STK Password",
  "timestamp": "2025-05-25T14:15:15.771Z",
  "data": {
    "timestamp": "20250525171515",
    "businessShortCode": "174379",
    "passkey": "********",
    "passwordLength": 112,
    "timestampLength": 14
  }
}

[2025-05-25T14:15:15.772Z] {
  "action": "STK Push Request",
  "timestamp": "2025-05-25T14:15:15.772Z",
  "data": {
    "BusinessShortCode": "174379",
    "Password": "********",
    "Timestamp": "20250525171515",
    "TransactionType": "CustomerPayBillOnline",
    "Amount": 8600,
    "PartyA": "254727068107",
    "PartyB": "174379",
    "PhoneNumber": "254727068107",
    "CallBackURL": "https://2e15-41-90-64-164.ngrok-free.app/api/mpesa/callback",
    "AccountReference": "LINDA-NUT-514797",
    "TransactionDesc": "Payment for Order #LINDA-NUT-514797 at Linda's Nut Butter Store",
    "paymentType": "paybill",
    "paybillNumber": "174379",
    "tillNumber": "321798",
    "accountNumber": "0725317864",
    "environment": "SANDBOX",
    "retryAttempt": 0
  }
}

[2025-05-25T14:15:16.217Z] {
  "action": "STK Push Response",
  "timestamp": "2025-05-25T14:15:16.217Z",
  "data": {
    "MerchantRequestID": "74cc-45b4-9c87-cf63848fd8651166750",
    "CheckoutRequestID": "ws_CO_25052025171516246727068107",
    "ResponseCode": "0",
    "ResponseDescription": "Success. Request accepted for processing",
    "CustomerMessage": "Success. Request accepted for processing",
    "paymentType": "paybill",
    "businessShortCode": "174379",
    "paybillNumber": "174379",
    "tillNumber": "321798",
    "accountNumber": "0725317864",
    "timestamp": "20250525171515"
  }
}

[2025-05-25T14:15:16.217Z] {
  "action": "STK Push Response",
  "timestamp": "2025-05-25T14:15:16.217Z",
  "data": {
    "MerchantRequestID": "74cc-45b4-9c87-cf63848fd8651166750",
    "CheckoutRequestID": "ws_CO_25052025171516246727068107",
    "ResponseCode": "0",
    "ResponseDescription": "Success. Request accepted for processing",
    "CustomerMessage": "Success. Request accepted for processing"
  }
}

[2025-05-25T14:51:29.313Z] {
  "action": "STK Push Request",
  "timestamp": "2025-05-25T14:51:29.313Z",
  "data": {
    "phoneNumber": "254727068107",
    "amount": 9800,
    "orderId": "LINDA-NUT-689304"
  }
}

[2025-05-25T14:51:29.952Z] {
  "action": "OAuth Token Response",
  "timestamp": "2025-05-25T14:51:29.952Z",
  "data": {
    "status": 200,
    "success": true,
    "tokenPreview": "JIvXA...",
    "expires_in": "3599"
  }
}

[2025-05-25T14:51:29.953Z] {
  "action": "Generated STK Password",
  "timestamp": "2025-05-25T14:51:29.953Z",
  "data": {
    "timestamp": "20250525175129",
    "businessShortCode": "174379",
    "passkey": "********",
    "passwordLength": 112,
    "timestampLength": 14
  }
}

[2025-05-25T14:51:29.954Z] {
  "action": "STK Push Request",
  "timestamp": "2025-05-25T14:51:29.954Z",
  "data": {
    "BusinessShortCode": "174379",
    "Password": "********",
    "Timestamp": "20250525175129",
    "TransactionType": "CustomerPayBillOnline",
    "Amount": 9800,
    "PartyA": "254727068107",
    "PartyB": "174379",
    "PhoneNumber": "254727068107",
    "CallBackURL": "https://2e15-41-90-64-164.ngrok-free.app/api/mpesa/callback",
    "AccountReference": "LINDA-NUT-689304",
    "TransactionDesc": "Payment for Order #LINDA-NUT-689304 at Linda's Nut Butter Store",
    "paymentType": "paybill",
    "paybillNumber": "174379",
    "tillNumber": "321798",
    "accountNumber": "0725317864",
    "environment": "SANDBOX",
    "retryAttempt": 0
  }
}

[2025-05-25T14:51:30.782Z] {
  "action": "STK Push Response",
  "timestamp": "2025-05-25T14:51:30.782Z",
  "data": {
    "MerchantRequestID": "74cc-45b4-9c87-cf63848fd8651167609",
    "CheckoutRequestID": "ws_CO_25052025175334826727068107",
    "ResponseCode": "0",
    "ResponseDescription": "Success. Request accepted for processing",
    "CustomerMessage": "Success. Request accepted for processing",
    "paymentType": "paybill",
    "businessShortCode": "174379",
    "paybillNumber": "174379",
    "tillNumber": "321798",
    "accountNumber": "0725317864",
    "timestamp": "20250525175129"
  }
}

[2025-05-25T14:51:30.783Z] {
  "action": "STK Push Response",
  "timestamp": "2025-05-25T14:51:30.783Z",
  "data": {
    "MerchantRequestID": "74cc-45b4-9c87-cf63848fd8651167609",
    "CheckoutRequestID": "ws_CO_25052025175334826727068107",
    "ResponseCode": "0",
    "ResponseDescription": "Success. Request accepted for processing",
    "CustomerMessage": "Success. Request accepted for processing"
  }
}

[2025-05-25T15:10:01.100Z] {
  "action": "STK Push Request",
  "timestamp": "2025-05-25T15:10:01.100Z",
  "data": {
    "phoneNumber": "254727068107",
    "amount": 10400,
    "orderId": "LINDA-NUT-801094"
  }
}

[2025-05-25T15:10:01.756Z] {
  "action": "OAuth Token Response",
  "timestamp": "2025-05-25T15:10:01.756Z",
  "data": {
    "status": 200,
    "success": true,
    "tokenPreview": "D3cKi...",
    "expires_in": "3599"
  }
}

[2025-05-25T15:10:01.757Z] {
  "action": "Generated STK Password",
  "timestamp": "2025-05-25T15:10:01.757Z",
  "data": {
    "timestamp": "20250525181001",
    "businessShortCode": "174379",
    "passkey": "********",
    "passwordLength": 112,
    "timestampLength": 14
  }
}

[2025-05-25T15:10:01.758Z] {
  "action": "STK Push Request",
  "timestamp": "2025-05-25T15:10:01.758Z",
  "data": {
    "BusinessShortCode": "174379",
    "Password": "********",
    "Timestamp": "20250525181001",
    "TransactionType": "CustomerPayBillOnline",
    "Amount": 10400,
    "PartyA": "254727068107",
    "PartyB": "174379",
    "PhoneNumber": "254727068107",
    "CallBackURL": "https://2e15-41-90-64-164.ngrok-free.app/api/mpesa/callback",
    "AccountReference": "LINDA-NUT-801094",
    "TransactionDesc": "Payment for Order #LINDA-NUT-801094 at Linda's Nut Butter Store",
    "paymentType": "paybill",
    "paybillNumber": "174379",
    "tillNumber": "321798",
    "accountNumber": "0725317864",
    "environment": "SANDBOX",
    "retryAttempt": 0
  }
}

[2025-05-25T15:10:02.288Z] {
  "action": "STK Push Response",
  "timestamp": "2025-05-25T15:10:02.288Z",
  "data": {
    "MerchantRequestID": "b18f-4a07-9aff-d6e1fb096b5166353",
    "CheckoutRequestID": "ws_CO_25052025181002169727068107",
    "ResponseCode": "0",
    "ResponseDescription": "Success. Request accepted for processing",
    "CustomerMessage": "Success. Request accepted for processing",
    "paymentType": "paybill",
    "businessShortCode": "174379",
    "paybillNumber": "174379",
    "tillNumber": "321798",
    "accountNumber": "0725317864",
    "timestamp": "20250525181001"
  }
}

[2025-05-25T15:10:02.289Z] {
  "action": "STK Push Response",
  "timestamp": "2025-05-25T15:10:02.288Z",
  "data": {
    "MerchantRequestID": "b18f-4a07-9aff-d6e1fb096b5166353",
    "CheckoutRequestID": "ws_CO_25052025181002169727068107",
    "ResponseCode": "0",
    "ResponseDescription": "Success. Request accepted for processing",
    "CustomerMessage": "Success. Request accepted for processing"
  }
}

